2022-04-23 08:59:57.871 [ main ] - [ INFO  ] [ com.yy.controller.Tnt4kController : 55 ] - Starting Tnt4kController using Java 1.8.0_281 on DESKTOP-205T0OF with PID 14952 (started by 18519 in D:\develop\IdeaProjects\yy)
2022-04-23 08:59:57.874 [ main ] - [ INFO  ] [ com.yy.controller.Tnt4kController : 640 ] - No active profile set, falling back to 1 default profile: "default"
2022-04-23 09:00:00.338 [ main ] - [ INFO  ] [ com.yy.controller.Tnt4kController : 61 ] - Started Tnt4kController in 2.809 seconds (JVM running for 3.747)
2022-04-23 09:00:00.570 [ main ] - [ INFO  ] [ com.yy.util.JsoupUtil : 36 ] - https://www.x996.me/forum.php?mod=forumdisplay&fid=202&filter=author&orderby=dateline&page=1
2022-04-23 09:00:02.511 [ main ] - [ INFO  ] [ com.yy.util.JsoupUtil : 36 ] - https://www.x996.me/forum.php?mod=forumdisplay&fid=202&filter=author&orderby=dateline&page=2
2022-04-23 09:00:03.497 [ main ] - [ INFO  ] [ com.yy.util.JsoupUtil : 36 ] - https://www.x996.me/forum.php?mod=forumdisplay&fid=202&filter=author&orderby=dateline&page=3
2022-04-23 09:00:04.091 [ main ] - [ INFO  ] [ com.yy.util.JsoupUtil : 36 ] - https://www.x996.me/forum.php?mod=forumdisplay&fid=202&filter=author&orderby=dateline&page=4
2022-04-23 09:00:05.110 [ main ] - [ INFO  ] [ com.yy.util.JsoupUtil : 36 ] - https://www.x996.me/forum.php?mod=forumdisplay&fid=202&filter=author&orderby=dateline&page=5
2022-04-23 09:00:05.791 [ main ] - [ INFO  ] [ com.yy.util.JsoupUtil : 36 ] - https://www.x996.me/forum.php?mod=forumdisplay&fid=202&filter=author&orderby=dateline&page=6
2022-04-23 09:00:06.703 [ main ] - [ INFO  ] [ com.yy.util.JsoupUtil : 36 ] - https://www.x996.me/forum.php?mod=forumdisplay&fid=202&filter=author&orderby=dateline&page=7
2022-04-23 09:00:07.309 [ main ] - [ INFO  ] [ com.yy.util.JsoupUtil : 36 ] - https://www.x996.me/forum.php?mod=forumdisplay&fid=202&filter=author&orderby=dateline&page=8
2022-04-23 09:00:08.256 [ main ] - [ INFO  ] [ com.yy.util.JsoupUtil : 36 ] - https://www.x996.me/forum.php?mod=forumdisplay&fid=202&filter=author&orderby=dateline&page=9
2022-04-23 09:00:08.926 [ main ] - [ INFO  ] [ com.yy.util.JsoupUtil : 36 ] - https://www.x996.me/forum.php?mod=forumdisplay&fid=202&filter=author&orderby=dateline&page=10
2022-04-23 09:00:09.876 [ main ] - [ INFO  ] [ com.yy.util.JsoupUtil : 36 ] - https://www.x996.me/forum.php?mod=forumdisplay&fid=202&filter=author&orderby=dateline&page=11
2022-04-23 09:00:10.901 [ main ] - [ INFO  ] [ com.yy.util.JsoupUtil : 36 ] - https://www.x996.me/forum.php?mod=forumdisplay&fid=202&filter=author&orderby=dateline&page=12
2022-04-23 09:00:11.463 [ main ] - [ INFO  ] [ com.yy.util.JsoupUtil : 36 ] - https://www.x996.me/forum.php?mod=forumdisplay&fid=202&filter=author&orderby=dateline&page=13
2022-04-23 09:00:11.979 [ main ] - [ INFO  ] [ com.yy.util.JsoupUtil : 36 ] - https://www.x996.me/forum.php?mod=forumdisplay&fid=202&filter=author&orderby=dateline&page=14
2022-04-23 09:00:12.633 [ main ] - [ INFO  ] [ com.yy.util.JsoupUtil : 36 ] - https://www.x996.me/forum.php?mod=forumdisplay&fid=202&filter=author&orderby=dateline&page=15
2022-04-23 09:00:13.718 [ main ] - [ INFO  ] [ com.yy.util.JsoupUtil : 36 ] - https://www.x996.me/forum.php?mod=forumdisplay&fid=202&filter=author&orderby=dateline&page=16
2022-04-23 09:00:14.262 [ main ] - [ INFO  ] [ com.yy.util.JsoupUtil : 36 ] - https://www.x996.me/forum.php?mod=forumdisplay&fid=202&filter=author&orderby=dateline&page=17
2022-04-23 09:00:14.736 [ main ] - [ INFO  ] [ com.yy.util.JsoupUtil : 36 ] - https://www.x996.me/forum.php?mod=forumdisplay&fid=202&filter=author&orderby=dateline&page=18
2022-04-23 09:00:15.420 [ main ] - [ INFO  ] [ com.yy.util.JsoupUtil : 36 ] - https://www.x996.me/forum.php?mod=forumdisplay&fid=202&filter=author&orderby=dateline&page=19
2022-04-23 09:00:15.981 [ main ] - [ INFO  ] [ com.yy.util.JsoupUtil : 36 ] - https://www.x996.me/forum.php?mod=forumdisplay&fid=202&filter=author&orderby=dateline&page=20
2022-04-23 09:00:16.527 [ main ] - [ INFO  ] [ com.yy.util.JsoupUtil : 36 ] - https://www.x996.me/forum.php?mod=forumdisplay&fid=202&filter=author&orderby=dateline&page=21
2022-04-23 09:00:17.041 [ main ] - [ INFO  ] [ com.yy.util.JsoupUtil : 36 ] - https://www.x996.me/forum.php?mod=forumdisplay&fid=202&filter=author&orderby=dateline&page=22
2022-04-23 09:00:17.973 [ main ] - [ INFO  ] [ com.yy.util.JsoupUtil : 36 ] - https://www.x996.me/forum.php?mod=forumdisplay&fid=202&filter=author&orderby=dateline&page=23
2022-04-23 09:00:18.561 [ main ] - [ INFO  ] [ com.yy.util.JsoupUtil : 36 ] - https://www.x996.me/forum.php?mod=forumdisplay&fid=202&filter=author&orderby=dateline&page=24
2022-04-23 09:00:19.144 [ main ] - [ INFO  ] [ com.yy.util.JsoupUtil : 36 ] - https://www.x996.me/forum.php?mod=forumdisplay&fid=202&filter=author&orderby=dateline&page=25
2022-04-23 09:00:19.665 [ main ] - [ INFO  ] [ com.yy.util.JsoupUtil : 36 ] - https://www.x996.me/forum.php?mod=forumdisplay&fid=202&filter=author&orderby=dateline&page=26
2022-04-23 09:00:20.149 [ main ] - [ INFO  ] [ com.yy.util.JsoupUtil : 36 ] - https://www.x996.me/forum.php?mod=forumdisplay&fid=202&filter=author&orderby=dateline&page=27
2022-04-23 09:00:21.098 [ main ] - [ INFO  ] [ com.yy.util.JsoupUtil : 36 ] - https://www.x996.me/forum.php?mod=forumdisplay&fid=202&filter=author&orderby=dateline&page=28
2022-04-23 09:00:21.614 [ main ] - [ INFO  ] [ com.yy.util.JsoupUtil : 36 ] - https://www.x996.me/forum.php?mod=forumdisplay&fid=202&filter=author&orderby=dateline&page=29
2022-04-23 09:00:22.110 [ main ] - [ INFO  ] [ com.yy.util.JsoupUtil : 36 ] - https://www.x996.me/forum.php?mod=forumdisplay&fid=202&filter=author&orderby=dateline&page=30
2022-04-23 09:00:22.663 [ main ] - [ INFO  ] [ com.yy.util.JsoupUtil : 36 ] - https://www.x996.me/forum.php?mod=forumdisplay&fid=202&filter=author&orderby=dateline&page=31
2022-04-23 09:00:23.394 [ main ] - [ INFO  ] [ com.yy.util.JsoupUtil : 36 ] - https://www.x996.me/forum.php?mod=forumdisplay&fid=202&filter=author&orderby=dateline&page=32
2022-04-23 09:00:23.971 [ main ] - [ INFO  ] [ com.yy.util.JsoupUtil : 36 ] - https://www.x996.me/forum.php?mod=forumdisplay&fid=202&filter=author&orderby=dateline&page=33
2022-04-23 09:00:24.506 [ main ] - [ INFO  ] [ com.yy.util.JsoupUtil : 36 ] - https://www.x996.me/forum.php?mod=forumdisplay&fid=202&filter=author&orderby=dateline&page=34
2022-04-23 09:00:25.500 [ main ] - [ INFO  ] [ com.yy.util.JsoupUtil : 36 ] - https://www.x996.me/forum.php?mod=forumdisplay&fid=202&filter=author&orderby=dateline&page=35
2022-04-23 09:00:26.063 [ main ] - [ INFO  ] [ com.yy.util.JsoupUtil : 36 ] - https://www.x996.me/forum.php?mod=forumdisplay&fid=202&filter=author&orderby=dateline&page=36
2022-04-23 09:00:26.608 [ main ] - [ INFO  ] [ com.yy.util.JsoupUtil : 36 ] - https://www.x996.me/forum.php?mod=forumdisplay&fid=202&filter=author&orderby=dateline&page=37
2022-04-23 09:00:27.270 [ main ] - [ INFO  ] [ com.yy.util.JsoupUtil : 36 ] - https://www.x996.me/forum.php?mod=forumdisplay&fid=202&filter=author&orderby=dateline&page=38
2022-04-23 09:00:27.873 [ main ] - [ INFO  ] [ com.yy.util.JsoupUtil : 36 ] - https://www.x996.me/forum.php?mod=forumdisplay&fid=202&filter=author&orderby=dateline&page=39
2022-04-23 09:00:28.364 [ main ] - [ INFO  ] [ com.yy.util.JsoupUtil : 36 ] - https://www.x996.me/forum.php?mod=forumdisplay&fid=202&filter=author&orderby=dateline&page=40
2022-04-23 09:00:28.936 [ main ] - [ INFO  ] [ com.yy.util.JsoupUtil : 36 ] - https://www.x996.me/forum.php?mod=forumdisplay&fid=202&filter=author&orderby=dateline&page=41
2022-04-23 09:00:29.417 [ main ] - [ INFO  ] [ com.yy.util.JsoupUtil : 36 ] - https://www.x996.me/forum.php?mod=forumdisplay&fid=202&filter=author&orderby=dateline&page=42
2022-04-23 09:00:29.990 [ main ] - [ INFO  ] [ com.yy.util.JsoupUtil : 36 ] - https://www.x996.me/forum.php?mod=forumdisplay&fid=202&filter=author&orderby=dateline&page=43
2022-04-23 09:00:30.522 [ main ] - [ INFO  ] [ com.yy.util.JsoupUtil : 36 ] - https://www.x996.me/forum.php?mod=forumdisplay&fid=202&filter=author&orderby=dateline&page=44
2022-04-23 09:00:31.085 [ main ] - [ INFO  ] [ com.yy.util.JsoupUtil : 36 ] - https://www.x996.me/forum.php?mod=forumdisplay&fid=202&filter=author&orderby=dateline&page=45
2022-04-23 09:00:32.031 [ main ] - [ INFO  ] [ com.yy.util.JsoupUtil : 36 ] - https://www.x996.me/forum.php?mod=forumdisplay&fid=202&filter=author&orderby=dateline&page=46
2022-04-23 09:00:32.622 [ main ] - [ INFO  ] [ com.yy.util.JsoupUtil : 36 ] - https://www.x996.me/forum.php?mod=forumdisplay&fid=202&filter=author&orderby=dateline&page=47
2022-04-23 09:00:33.201 [ main ] - [ INFO  ] [ com.yy.util.JsoupUtil : 36 ] - https://www.x996.me/forum.php?mod=forumdisplay&fid=202&filter=author&orderby=dateline&page=48
2022-04-23 09:00:33.759 [ main ] - [ INFO  ] [ com.yy.util.JsoupUtil : 36 ] - https://www.x996.me/forum.php?mod=forumdisplay&fid=202&filter=author&orderby=dateline&page=49
2022-04-23 09:00:34.326 [ main ] - [ INFO  ] [ com.yy.util.JsoupUtil : 36 ] - https://www.x996.me/forum.php?mod=forumdisplay&fid=202&filter=author&orderby=dateline&page=50
2022-04-23 09:00:34.830 [ main ] - [ INFO  ] [ com.yy.util.JsoupUtil : 36 ] - https://www.x996.me/forum.php?mod=forumdisplay&fid=202&filter=author&orderby=dateline&page=51
2022-04-23 09:00:35.385 [ main ] - [ INFO  ] [ com.yy.util.JsoupUtil : 36 ] - https://www.x996.me/forum.php?mod=forumdisplay&fid=202&filter=author&orderby=dateline&page=52
2022-04-23 09:00:35.958 [ main ] - [ INFO  ] [ com.yy.util.JsoupUtil : 36 ] - https://www.x996.me/forum.php?mod=forumdisplay&fid=202&filter=author&orderby=dateline&page=53
2022-04-23 09:00:36.607 [ main ] - [ INFO  ] [ com.yy.util.JsoupUtil : 36 ] - https://www.x996.me/forum.php?mod=forumdisplay&fid=202&filter=author&orderby=dateline&page=54
2022-04-23 09:00:37.183 [ main ] - [ INFO  ] [ com.yy.util.JsoupUtil : 36 ] - https://www.x996.me/forum.php?mod=forumdisplay&fid=202&filter=author&orderby=dateline&page=55
2022-04-23 09:00:37.771 [ main ] - [ INFO  ] [ com.yy.util.JsoupUtil : 36 ] - https://www.x996.me/forum.php?mod=forumdisplay&fid=202&filter=author&orderby=dateline&page=56
2022-04-23 09:00:38.333 [ main ] - [ INFO  ] [ com.yy.util.JsoupUtil : 36 ] - https://www.x996.me/forum.php?mod=forumdisplay&fid=202&filter=author&orderby=dateline&page=57
2022-04-23 09:00:38.907 [ main ] - [ INFO  ] [ com.yy.util.JsoupUtil : 36 ] - https://www.x996.me/forum.php?mod=forumdisplay&fid=202&filter=author&orderby=dateline&page=58
2022-04-23 09:00:39.495 [ main ] - [ INFO  ] [ com.yy.util.JsoupUtil : 36 ] - https://www.x996.me/forum.php?mod=forumdisplay&fid=202&filter=author&orderby=dateline&page=59
2022-04-23 09:00:40.092 [ main ] - [ INFO  ] [ com.yy.util.JsoupUtil : 36 ] - https://www.x996.me/forum.php?mod=forumdisplay&fid=202&filter=author&orderby=dateline&page=60
2022-04-23 09:00:40.624 [ main ] - [ INFO  ] [ com.yy.util.JsoupUtil : 36 ] - https://www.x996.me/forum.php?mod=forumdisplay&fid=202&filter=author&orderby=dateline&page=61
2022-04-23 09:00:41.186 [ main ] - [ INFO  ] [ com.yy.util.JsoupUtil : 36 ] - https://www.x996.me/forum.php?mod=forumdisplay&fid=202&filter=author&orderby=dateline&page=62
2022-04-23 09:00:41.675 [ main ] - [ INFO  ] [ com.yy.util.JsoupUtil : 36 ] - https://www.x996.me/forum.php?mod=forumdisplay&fid=202&filter=author&orderby=dateline&page=63
2022-04-23 09:00:42.244 [ main ] - [ INFO  ] [ com.yy.util.JsoupUtil : 36 ] - https://www.x996.me/forum.php?mod=forumdisplay&fid=202&filter=author&orderby=dateline&page=64
2022-04-23 09:00:42.851 [ main ] - [ INFO  ] [ com.yy.util.JsoupUtil : 36 ] - https://www.x996.me/forum.php?mod=forumdisplay&fid=202&filter=author&orderby=dateline&page=65
2022-04-23 09:00:43.462 [ main ] - [ INFO  ] [ com.yy.util.JsoupUtil : 36 ] - https://www.x996.me/forum.php?mod=forumdisplay&fid=202&filter=author&orderby=dateline&page=66
2022-04-23 09:00:44.027 [ main ] - [ INFO  ] [ com.yy.util.JsoupUtil : 36 ] - https://www.x996.me/forum.php?mod=forumdisplay&fid=202&filter=author&orderby=dateline&page=67
2022-04-23 09:00:44.644 [ main ] - [ INFO  ] [ com.yy.util.JsoupUtil : 36 ] - https://www.x996.me/forum.php?mod=forumdisplay&fid=202&filter=author&orderby=dateline&page=68
2022-04-23 09:00:45.265 [ main ] - [ INFO  ] [ com.yy.util.JsoupUtil : 36 ] - https://www.x996.me/forum.php?mod=forumdisplay&fid=202&filter=author&orderby=dateline&page=69
2022-04-23 09:00:45.815 [ main ] - [ INFO  ] [ com.yy.util.JsoupUtil : 36 ] - https://www.x996.me/forum.php?mod=forumdisplay&fid=202&filter=author&orderby=dateline&page=70
2022-04-23 09:00:46.798 [ main ] - [ INFO  ] [ com.yy.util.JsoupUtil : 36 ] - https://www.x996.me/forum.php?mod=forumdisplay&fid=202&filter=author&orderby=dateline&page=71
2022-04-23 09:00:47.407 [ main ] - [ INFO  ] [ com.yy.util.JsoupUtil : 36 ] - https://www.x996.me/forum.php?mod=forumdisplay&fid=202&filter=author&orderby=dateline&page=72
2022-04-23 09:00:47.938 [ main ] - [ INFO  ] [ com.yy.util.JsoupUtil : 36 ] - https://www.x996.me/forum.php?mod=forumdisplay&fid=202&filter=author&orderby=dateline&page=73
2022-04-23 09:00:48.932 [ main ] - [ INFO  ] [ com.yy.util.JsoupUtil : 36 ] - https://www.x996.me/forum.php?mod=forumdisplay&fid=202&filter=author&orderby=dateline&page=74
2022-04-23 09:00:49.486 [ main ] - [ INFO  ] [ com.yy.util.JsoupUtil : 36 ] - https://www.x996.me/forum.php?mod=forumdisplay&fid=202&filter=author&orderby=dateline&page=75
2022-04-23 09:00:50.049 [ main ] - [ INFO  ] [ com.yy.util.JsoupUtil : 36 ] - https://www.x996.me/forum.php?mod=forumdisplay&fid=202&filter=author&orderby=dateline&page=76
2022-04-23 09:00:50.562 [ main ] - [ INFO  ] [ com.yy.util.JsoupUtil : 36 ] - https://www.x996.me/forum.php?mod=forumdisplay&fid=202&filter=author&orderby=dateline&page=77
2022-04-23 09:00:51.163 [ main ] - [ INFO  ] [ com.yy.util.JsoupUtil : 36 ] - https://www.x996.me/forum.php?mod=forumdisplay&fid=202&filter=author&orderby=dateline&page=78
2022-04-23 09:00:51.682 [ main ] - [ INFO  ] [ com.yy.util.JsoupUtil : 36 ] - https://www.x996.me/forum.php?mod=forumdisplay&fid=202&filter=author&orderby=dateline&page=79
2022-04-23 09:00:52.669 [ main ] - [ INFO  ] [ com.yy.util.JsoupUtil : 36 ] - https://www.x996.me/forum.php?mod=forumdisplay&fid=202&filter=author&orderby=dateline&page=80
2022-04-23 09:00:53.275 [ main ] - [ INFO  ] [ com.yy.util.JsoupUtil : 36 ] - https://www.x996.me/forum.php?mod=forumdisplay&fid=202&filter=author&orderby=dateline&page=81
2022-04-23 09:00:54.127 [ main ] - [ INFO  ] [ com.yy.util.JsoupUtil : 36 ] - https://www.x996.me/forum.php?mod=forumdisplay&fid=202&filter=author&orderby=dateline&page=82
2022-04-23 09:00:55.146 [ main ] - [ INFO  ] [ com.yy.util.JsoupUtil : 36 ] - https://www.x996.me/forum.php?mod=forumdisplay&fid=202&filter=author&orderby=dateline&page=83
2022-04-23 09:00:55.715 [ main ] - [ INFO  ] [ com.yy.util.JsoupUtil : 36 ] - https://www.x996.me/forum.php?mod=forumdisplay&fid=202&filter=author&orderby=dateline&page=84
2022-04-23 09:00:56.326 [ main ] - [ INFO  ] [ com.yy.util.JsoupUtil : 36 ] - https://www.x996.me/forum.php?mod=forumdisplay&fid=202&filter=author&orderby=dateline&page=85
2022-04-23 09:00:56.934 [ main ] - [ INFO  ] [ com.yy.util.JsoupUtil : 36 ] - https://www.x996.me/forum.php?mod=forumdisplay&fid=202&filter=author&orderby=dateline&page=86
2022-04-23 09:00:57.530 [ main ] - [ INFO  ] [ com.yy.util.JsoupUtil : 36 ] - https://www.x996.me/forum.php?mod=forumdisplay&fid=202&filter=author&orderby=dateline&page=87
2022-04-23 09:00:58.091 [ main ] - [ INFO  ] [ com.yy.util.JsoupUtil : 36 ] - https://www.x996.me/forum.php?mod=forumdisplay&fid=202&filter=author&orderby=dateline&page=88
2022-04-23 09:00:58.584 [ main ] - [ INFO  ] [ com.yy.util.JsoupUtil : 36 ] - https://www.x996.me/forum.php?mod=forumdisplay&fid=202&filter=author&orderby=dateline&page=89
2022-04-23 09:00:59.135 [ main ] - [ INFO  ] [ com.yy.util.JsoupUtil : 36 ] - https://www.x996.me/forum.php?mod=forumdisplay&fid=202&filter=author&orderby=dateline&page=90
2022-04-23 09:00:59.685 [ main ] - [ INFO  ] [ com.yy.util.JsoupUtil : 36 ] - https://www.x996.me/forum.php?mod=forumdisplay&fid=202&filter=author&orderby=dateline&page=91
2022-04-23 09:01:00.324 [ main ] - [ INFO  ] [ com.yy.util.JsoupUtil : 36 ] - https://www.x996.me/forum.php?mod=forumdisplay&fid=202&filter=author&orderby=dateline&page=92
2022-04-23 09:01:00.871 [ main ] - [ INFO  ] [ com.yy.util.JsoupUtil : 36 ] - https://www.x996.me/forum.php?mod=forumdisplay&fid=202&filter=author&orderby=dateline&page=93
2022-04-23 09:01:01.383 [ main ] - [ INFO  ] [ com.yy.util.JsoupUtil : 36 ] - https://www.x996.me/forum.php?mod=forumdisplay&fid=202&filter=author&orderby=dateline&page=94
2022-04-23 09:01:01.939 [ main ] - [ INFO  ] [ com.yy.util.JsoupUtil : 36 ] - https://www.x996.me/forum.php?mod=forumdisplay&fid=202&filter=author&orderby=dateline&page=95
2022-04-23 09:01:02.514 [ main ] - [ INFO  ] [ com.yy.util.JsoupUtil : 36 ] - https://www.x996.me/forum.php?mod=forumdisplay&fid=202&filter=author&orderby=dateline&page=96
2022-04-23 09:01:03.063 [ main ] - [ INFO  ] [ com.yy.util.JsoupUtil : 36 ] - https://www.x996.me/forum.php?mod=forumdisplay&fid=202&filter=author&orderby=dateline&page=97
2022-04-23 09:01:03.614 [ main ] - [ INFO  ] [ com.yy.util.JsoupUtil : 36 ] - https://www.x996.me/forum.php?mod=forumdisplay&fid=202&filter=author&orderby=dateline&page=98
2022-04-23 09:01:04.123 [ main ] - [ INFO  ] [ com.yy.util.JsoupUtil : 36 ] - https://www.x996.me/forum.php?mod=forumdisplay&fid=202&filter=author&orderby=dateline&page=99
2022-04-23 09:01:04.634 [ main ] - [ INFO  ] [ com.yy.util.JsoupUtil : 36 ] - https://www.x996.me/forum.php?mod=forumdisplay&fid=202&filter=author&orderby=dateline&page=100
2022-04-23 09:01:05.243 [ main ] - [ INFO  ] [ com.yy.util.JsoupUtil : 36 ] - https://www.x996.me/forum.php?mod=forumdisplay&fid=202&filter=author&orderby=dateline&page=101
2022-04-23 09:01:05.775 [ main ] - [ INFO  ] [ com.yy.util.JsoupUtil : 36 ] - https://www.x996.me/forum.php?mod=forumdisplay&fid=202&filter=author&orderby=dateline&page=102
2022-04-23 09:01:06.355 [ main ] - [ INFO  ] [ com.yy.util.JsoupUtil : 36 ] - https://www.x996.me/forum.php?mod=forumdisplay&fid=202&filter=author&orderby=dateline&page=103
2022-04-23 09:01:06.949 [ main ] - [ INFO  ] [ com.yy.util.JsoupUtil : 36 ] - https://www.x996.me/forum.php?mod=forumdisplay&fid=202&filter=author&orderby=dateline&page=104
2022-04-23 09:01:07.531 [ main ] - [ INFO  ] [ com.yy.util.JsoupUtil : 36 ] - https://www.x996.me/forum.php?mod=forumdisplay&fid=202&filter=author&orderby=dateline&page=105
2022-04-23 09:01:08.053 [ main ] - [ INFO  ] [ com.yy.util.JsoupUtil : 36 ] - https://www.x996.me/forum.php?mod=forumdisplay&fid=202&filter=author&orderby=dateline&page=106
2022-04-23 09:01:08.819 [ main ] - [ INFO  ] [ com.yy.util.JsoupUtil : 36 ] - https://www.x996.me/forum.php?mod=forumdisplay&fid=202&filter=author&orderby=dateline&page=107
2022-04-23 09:01:09.296 [ main ] - [ INFO  ] [ com.yy.util.JsoupUtil : 36 ] - https://www.x996.me/forum.php?mod=forumdisplay&fid=202&filter=author&orderby=dateline&page=108
2022-04-23 09:01:56.746 [ main ] - [ INFO  ] [ com.yy.controller.Tnt4kController : 55 ] - Starting Tnt4kController using Java 1.8.0_281 on DESKTOP-205T0OF with PID 27500 (started by 18519 in D:\develop\IdeaProjects\yy)
2022-04-23 09:01:56.749 [ main ] - [ INFO  ] [ com.yy.controller.Tnt4kController : 640 ] - No active profile set, falling back to 1 default profile: "default"
2022-04-23 09:01:59.092 [ main ] - [ INFO  ] [ com.yy.controller.Tnt4kController : 61 ] - Started Tnt4kController in 2.597 seconds (JVM running for 3.399)
2022-04-23 09:01:59.255 [ main ] - [ INFO  ] [ com.yy.util.JsoupUtil : 36 ] - https://www.x996.me/forum.php?mod=forumdisplay&fid=202&filter=author&orderby=dateline&page=1
2022-04-23 09:02:01.149 [ main ] - [ INFO  ] [ com.yy.util.JsoupUtil : 36 ] - https://www.x996.me/forum.php?mod=forumdisplay&fid=202&filter=author&orderby=dateline&page=2
2022-04-23 09:02:01.709 [ main ] - [ INFO  ] [ com.yy.util.JsoupUtil : 36 ] - https://www.x996.me/forum.php?mod=forumdisplay&fid=202&filter=author&orderby=dateline&page=3
2022-04-23 09:02:02.273 [ main ] - [ INFO  ] [ com.yy.util.JsoupUtil : 36 ] - https://www.x996.me/forum.php?mod=forumdisplay&fid=202&filter=author&orderby=dateline&page=4
2022-04-23 09:02:02.794 [ main ] - [ INFO  ] [ com.yy.util.JsoupUtil : 36 ] - https://www.x996.me/forum.php?mod=forumdisplay&fid=202&filter=author&orderby=dateline&page=5
2022-04-23 09:02:03.331 [ main ] - [ INFO  ] [ com.yy.util.JsoupUtil : 36 ] - https://www.x996.me/forum.php?mod=forumdisplay&fid=202&filter=author&orderby=dateline&page=6
2022-04-23 09:02:03.795 [ main ] - [ INFO  ] [ com.yy.util.JsoupUtil : 36 ] - https://www.x996.me/forum.php?mod=forumdisplay&fid=202&filter=author&orderby=dateline&page=7
2022-04-23 09:02:04.368 [ main ] - [ INFO  ] [ com.yy.util.JsoupUtil : 36 ] - https://www.x996.me/forum.php?mod=forumdisplay&fid=202&filter=author&orderby=dateline&page=8
2022-04-23 09:02:04.920 [ main ] - [ INFO  ] [ com.yy.util.JsoupUtil : 36 ] - https://www.x996.me/forum.php?mod=forumdisplay&fid=202&filter=author&orderby=dateline&page=9
2022-04-23 09:02:05.683 [ main ] - [ INFO  ] [ com.yy.util.JsoupUtil : 36 ] - https://www.x996.me/forum.php?mod=forumdisplay&fid=202&filter=author&orderby=dateline&page=10
2022-04-23 09:02:06.281 [ main ] - [ INFO  ] [ com.yy.util.JsoupUtil : 36 ] - https://www.x996.me/forum.php?mod=forumdisplay&fid=202&filter=author&orderby=dateline&page=11
2022-04-23 09:02:06.837 [ main ] - [ INFO  ] [ com.yy.util.JsoupUtil : 36 ] - https://www.x996.me/forum.php?mod=forumdisplay&fid=202&filter=author&orderby=dateline&page=12
2022-04-23 09:02:07.411 [ main ] - [ INFO  ] [ com.yy.util.JsoupUtil : 36 ] - https://www.x996.me/forum.php?mod=forumdisplay&fid=202&filter=author&orderby=dateline&page=13
2022-04-23 09:02:07.956 [ main ] - [ INFO  ] [ com.yy.util.JsoupUtil : 36 ] - https://www.x996.me/forum.php?mod=forumdisplay&fid=202&filter=author&orderby=dateline&page=14
2022-04-23 09:02:08.521 [ main ] - [ INFO  ] [ com.yy.util.JsoupUtil : 36 ] - https://www.x996.me/forum.php?mod=forumdisplay&fid=202&filter=author&orderby=dateline&page=15
2022-04-23 09:02:09.371 [ main ] - [ INFO  ] [ com.yy.util.JsoupUtil : 36 ] - https://www.x996.me/forum.php?mod=forumdisplay&fid=202&filter=author&orderby=dateline&page=16
2022-04-23 09:02:10.028 [ main ] - [ INFO  ] [ com.yy.util.JsoupUtil : 36 ] - https://www.x996.me/forum.php?mod=forumdisplay&fid=202&filter=author&orderby=dateline&page=17
2022-04-23 09:02:10.584 [ main ] - [ INFO  ] [ com.yy.util.JsoupUtil : 36 ] - https://www.x996.me/forum.php?mod=forumdisplay&fid=202&filter=author&orderby=dateline&page=18
2022-04-23 09:02:11.137 [ main ] - [ INFO  ] [ com.yy.util.JsoupUtil : 36 ] - https://www.x996.me/forum.php?mod=forumdisplay&fid=202&filter=author&orderby=dateline&page=19
2022-04-23 09:02:12.018 [ main ] - [ INFO  ] [ com.yy.util.JsoupUtil : 36 ] - https://www.x996.me/forum.php?mod=forumdisplay&fid=202&filter=author&orderby=dateline&page=20
2022-04-23 09:02:12.587 [ main ] - [ INFO  ] [ com.yy.util.JsoupUtil : 36 ] - https://www.x996.me/forum.php?mod=forumdisplay&fid=202&filter=author&orderby=dateline&page=21
2022-04-23 09:02:13.138 [ main ] - [ INFO  ] [ com.yy.util.JsoupUtil : 36 ] - https://www.x996.me/forum.php?mod=forumdisplay&fid=202&filter=author&orderby=dateline&page=22
2022-04-23 09:02:13.640 [ main ] - [ INFO  ] [ com.yy.util.JsoupUtil : 36 ] - https://www.x996.me/forum.php?mod=forumdisplay&fid=202&filter=author&orderby=dateline&page=23
2022-04-23 09:02:14.181 [ main ] - [ INFO  ] [ com.yy.util.JsoupUtil : 36 ] - https://www.x996.me/forum.php?mod=forumdisplay&fid=202&filter=author&orderby=dateline&page=24
2022-04-23 09:02:14.704 [ main ] - [ INFO  ] [ com.yy.util.JsoupUtil : 36 ] - https://www.x996.me/forum.php?mod=forumdisplay&fid=202&filter=author&orderby=dateline&page=25
2022-04-23 09:02:15.278 [ main ] - [ INFO  ] [ com.yy.util.JsoupUtil : 36 ] - https://www.x996.me/forum.php?mod=forumdisplay&fid=202&filter=author&orderby=dateline&page=26
2022-04-23 09:02:15.848 [ main ] - [ INFO  ] [ com.yy.util.JsoupUtil : 36 ] - https://www.x996.me/forum.php?mod=forumdisplay&fid=202&filter=author&orderby=dateline&page=27
2022-04-23 09:02:16.410 [ main ] - [ INFO  ] [ com.yy.util.JsoupUtil : 36 ] - https://www.x996.me/forum.php?mod=forumdisplay&fid=202&filter=author&orderby=dateline&page=28
2022-04-23 09:02:16.880 [ main ] - [ INFO  ] [ com.yy.util.JsoupUtil : 36 ] - https://www.x996.me/forum.php?mod=forumdisplay&fid=202&filter=author&orderby=dateline&page=29
2022-04-23 09:02:17.378 [ main ] - [ INFO  ] [ com.yy.util.JsoupUtil : 36 ] - https://www.x996.me/forum.php?mod=forumdisplay&fid=202&filter=author&orderby=dateline&page=30
2022-04-23 09:02:17.940 [ main ] - [ INFO  ] [ com.yy.util.JsoupUtil : 36 ] - https://www.x996.me/forum.php?mod=forumdisplay&fid=202&filter=author&orderby=dateline&page=31
2022-04-23 09:02:18.506 [ main ] - [ INFO  ] [ com.yy.util.JsoupUtil : 36 ] - https://www.x996.me/forum.php?mod=forumdisplay&fid=202&filter=author&orderby=dateline&page=32
2022-04-23 09:02:19.004 [ main ] - [ INFO  ] [ com.yy.util.JsoupUtil : 36 ] - https://www.x996.me/forum.php?mod=forumdisplay&fid=202&filter=author&orderby=dateline&page=33
2022-04-23 09:02:19.579 [ main ] - [ INFO  ] [ com.yy.util.JsoupUtil : 36 ] - https://www.x996.me/forum.php?mod=forumdisplay&fid=202&filter=author&orderby=dateline&page=34
2022-04-23 09:02:20.123 [ main ] - [ INFO  ] [ com.yy.util.JsoupUtil : 36 ] - https://www.x996.me/forum.php?mod=forumdisplay&fid=202&filter=author&orderby=dateline&page=35
2022-04-23 09:02:20.654 [ main ] - [ INFO  ] [ com.yy.util.JsoupUtil : 36 ] - https://www.x996.me/forum.php?mod=forumdisplay&fid=202&filter=author&orderby=dateline&page=36
2022-04-23 09:02:21.180 [ main ] - [ INFO  ] [ com.yy.util.JsoupUtil : 36 ] - https://www.x996.me/forum.php?mod=forumdisplay&fid=202&filter=author&orderby=dateline&page=37
2022-04-23 09:02:21.701 [ main ] - [ INFO  ] [ com.yy.util.JsoupUtil : 36 ] - https://www.x996.me/forum.php?mod=forumdisplay&fid=202&filter=author&orderby=dateline&page=38
2022-04-23 09:02:22.247 [ main ] - [ INFO  ] [ com.yy.util.JsoupUtil : 36 ] - https://www.x996.me/forum.php?mod=forumdisplay&fid=202&filter=author&orderby=dateline&page=39
2022-04-23 09:02:22.815 [ main ] - [ INFO  ] [ com.yy.util.JsoupUtil : 36 ] - https://www.x996.me/forum.php?mod=forumdisplay&fid=202&filter=author&orderby=dateline&page=40
2022-04-23 09:02:23.311 [ main ] - [ INFO  ] [ com.yy.util.JsoupUtil : 36 ] - https://www.x996.me/forum.php?mod=forumdisplay&fid=202&filter=author&orderby=dateline&page=41
2022-04-23 09:02:23.792 [ main ] - [ INFO  ] [ com.yy.util.JsoupUtil : 36 ] - https://www.x996.me/forum.php?mod=forumdisplay&fid=202&filter=author&orderby=dateline&page=42
2022-04-23 09:02:24.331 [ main ] - [ INFO  ] [ com.yy.util.JsoupUtil : 36 ] - https://www.x996.me/forum.php?mod=forumdisplay&fid=202&filter=author&orderby=dateline&page=43
2022-04-23 09:02:24.891 [ main ] - [ INFO  ] [ com.yy.util.JsoupUtil : 36 ] - https://www.x996.me/forum.php?mod=forumdisplay&fid=202&filter=author&orderby=dateline&page=44
2022-04-23 09:02:25.708 [ main ] - [ INFO  ] [ com.yy.util.JsoupUtil : 36 ] - https://www.x996.me/forum.php?mod=forumdisplay&fid=202&filter=author&orderby=dateline&page=45
2022-04-23 09:02:26.238 [ main ] - [ INFO  ] [ com.yy.util.JsoupUtil : 36 ] - https://www.x996.me/forum.php?mod=forumdisplay&fid=202&filter=author&orderby=dateline&page=46
2022-04-23 09:02:26.797 [ main ] - [ INFO  ] [ com.yy.util.JsoupUtil : 36 ] - https://www.x996.me/forum.php?mod=forumdisplay&fid=202&filter=author&orderby=dateline&page=47
2022-04-23 09:02:27.372 [ main ] - [ INFO  ] [ com.yy.util.JsoupUtil : 36 ] - https://www.x996.me/forum.php?mod=forumdisplay&fid=202&filter=author&orderby=dateline&page=48
2022-04-23 09:02:27.863 [ main ] - [ INFO  ] [ com.yy.util.JsoupUtil : 36 ] - https://www.x996.me/forum.php?mod=forumdisplay&fid=202&filter=author&orderby=dateline&page=49
2022-04-23 09:02:28.441 [ main ] - [ INFO  ] [ com.yy.util.JsoupUtil : 36 ] - https://www.x996.me/forum.php?mod=forumdisplay&fid=202&filter=author&orderby=dateline&page=50
2022-04-23 09:02:28.995 [ main ] - [ INFO  ] [ com.yy.util.JsoupUtil : 36 ] - https://www.x996.me/forum.php?mod=forumdisplay&fid=202&filter=author&orderby=dateline&page=51
2022-04-23 09:02:29.523 [ main ] - [ INFO  ] [ com.yy.util.JsoupUtil : 36 ] - https://www.x996.me/forum.php?mod=forumdisplay&fid=202&filter=author&orderby=dateline&page=52
2022-04-23 09:02:30.516 [ main ] - [ INFO  ] [ com.yy.util.JsoupUtil : 36 ] - https://www.x996.me/forum.php?mod=forumdisplay&fid=202&filter=author&orderby=dateline&page=53
2022-04-23 09:02:31.037 [ main ] - [ INFO  ] [ com.yy.util.JsoupUtil : 36 ] - https://www.x996.me/forum.php?mod=forumdisplay&fid=202&filter=author&orderby=dateline&page=54
2022-04-23 09:02:31.539 [ main ] - [ INFO  ] [ com.yy.util.JsoupUtil : 36 ] - https://www.x996.me/forum.php?mod=forumdisplay&fid=202&filter=author&orderby=dateline&page=55
2022-04-23 09:02:32.095 [ main ] - [ INFO  ] [ com.yy.util.JsoupUtil : 36 ] - https://www.x996.me/forum.php?mod=forumdisplay&fid=202&filter=author&orderby=dateline&page=56
2022-04-23 09:02:32.638 [ main ] - [ INFO  ] [ com.yy.util.JsoupUtil : 36 ] - https://www.x996.me/forum.php?mod=forumdisplay&fid=202&filter=author&orderby=dateline&page=57
2022-04-23 09:02:33.164 [ main ] - [ INFO  ] [ com.yy.util.JsoupUtil : 36 ] - https://www.x996.me/forum.php?mod=forumdisplay&fid=202&filter=author&orderby=dateline&page=58
2022-04-23 09:02:33.733 [ main ] - [ INFO  ] [ com.yy.util.JsoupUtil : 36 ] - https://www.x996.me/forum.php?mod=forumdisplay&fid=202&filter=author&orderby=dateline&page=59
2022-04-23 09:02:34.272 [ main ] - [ INFO  ] [ com.yy.util.JsoupUtil : 36 ] - https://www.x996.me/forum.php?mod=forumdisplay&fid=202&filter=author&orderby=dateline&page=60
2022-04-23 09:02:34.832 [ main ] - [ INFO  ] [ com.yy.util.JsoupUtil : 36 ] - https://www.x996.me/forum.php?mod=forumdisplay&fid=202&filter=author&orderby=dateline&page=61
2022-04-23 09:02:35.372 [ main ] - [ INFO  ] [ com.yy.util.JsoupUtil : 36 ] - https://www.x996.me/forum.php?mod=forumdisplay&fid=202&filter=author&orderby=dateline&page=62
2022-04-23 09:02:35.958 [ main ] - [ INFO  ] [ com.yy.util.JsoupUtil : 36 ] - https://www.x996.me/forum.php?mod=forumdisplay&fid=202&filter=author&orderby=dateline&page=63
2022-04-23 09:02:36.525 [ main ] - [ INFO  ] [ com.yy.util.JsoupUtil : 36 ] - https://www.x996.me/forum.php?mod=forumdisplay&fid=202&filter=author&orderby=dateline&page=64
2022-04-23 09:02:37.069 [ main ] - [ INFO  ] [ com.yy.util.JsoupUtil : 36 ] - https://www.x996.me/forum.php?mod=forumdisplay&fid=202&filter=author&orderby=dateline&page=65
2022-04-23 09:02:37.589 [ main ] - [ INFO  ] [ com.yy.util.JsoupUtil : 36 ] - https://www.x996.me/forum.php?mod=forumdisplay&fid=202&filter=author&orderby=dateline&page=66
2022-04-23 09:02:38.073 [ main ] - [ INFO  ] [ com.yy.util.JsoupUtil : 36 ] - https://www.x996.me/forum.php?mod=forumdisplay&fid=202&filter=author&orderby=dateline&page=67
2022-04-23 09:02:38.620 [ main ] - [ INFO  ] [ com.yy.util.JsoupUtil : 36 ] - https://www.x996.me/forum.php?mod=forumdisplay&fid=202&filter=author&orderby=dateline&page=68
2022-04-23 09:02:39.195 [ main ] - [ INFO  ] [ com.yy.util.JsoupUtil : 36 ] - https://www.x996.me/forum.php?mod=forumdisplay&fid=202&filter=author&orderby=dateline&page=69
2022-04-23 09:02:39.797 [ main ] - [ INFO  ] [ com.yy.util.JsoupUtil : 36 ] - https://www.x996.me/forum.php?mod=forumdisplay&fid=202&filter=author&orderby=dateline&page=70
2022-04-23 09:02:40.339 [ main ] - [ INFO  ] [ com.yy.util.JsoupUtil : 36 ] - https://www.x996.me/forum.php?mod=forumdisplay&fid=202&filter=author&orderby=dateline&page=71
2022-04-23 09:02:40.934 [ main ] - [ INFO  ] [ com.yy.util.JsoupUtil : 36 ] - https://www.x996.me/forum.php?mod=forumdisplay&fid=202&filter=author&orderby=dateline&page=72
2022-04-23 09:02:41.523 [ main ] - [ INFO  ] [ com.yy.util.JsoupUtil : 36 ] - https://www.x996.me/forum.php?mod=forumdisplay&fid=202&filter=author&orderby=dateline&page=73
2022-04-23 09:02:42.114 [ main ] - [ INFO  ] [ com.yy.util.JsoupUtil : 36 ] - https://www.x996.me/forum.php?mod=forumdisplay&fid=202&filter=author&orderby=dateline&page=74
2022-04-23 09:02:42.648 [ main ] - [ INFO  ] [ com.yy.util.JsoupUtil : 36 ] - https://www.x996.me/forum.php?mod=forumdisplay&fid=202&filter=author&orderby=dateline&page=75
2022-04-23 09:02:43.210 [ main ] - [ INFO  ] [ com.yy.util.JsoupUtil : 36 ] - https://www.x996.me/forum.php?mod=forumdisplay&fid=202&filter=author&orderby=dateline&page=76
2022-04-23 09:02:43.692 [ main ] - [ INFO  ] [ com.yy.util.JsoupUtil : 36 ] - https://www.x996.me/forum.php?mod=forumdisplay&fid=202&filter=author&orderby=dateline&page=77
2022-04-23 09:02:44.222 [ main ] - [ INFO  ] [ com.yy.util.JsoupUtil : 36 ] - https://www.x996.me/forum.php?mod=forumdisplay&fid=202&filter=author&orderby=dateline&page=78
2022-04-23 09:02:45.218 [ main ] - [ INFO  ] [ com.yy.util.JsoupUtil : 36 ] - https://www.x996.me/forum.php?mod=forumdisplay&fid=202&filter=author&orderby=dateline&page=79
2022-04-23 09:02:45.775 [ main ] - [ INFO  ] [ com.yy.util.JsoupUtil : 36 ] - https://www.x996.me/forum.php?mod=forumdisplay&fid=202&filter=author&orderby=dateline&page=80
2022-04-23 09:02:46.295 [ main ] - [ INFO  ] [ com.yy.util.JsoupUtil : 36 ] - https://www.x996.me/forum.php?mod=forumdisplay&fid=202&filter=author&orderby=dateline&page=81
2022-04-23 09:02:46.848 [ main ] - [ INFO  ] [ com.yy.util.JsoupUtil : 36 ] - https://www.x996.me/forum.php?mod=forumdisplay&fid=202&filter=author&orderby=dateline&page=82
2022-04-23 09:02:47.327 [ main ] - [ INFO  ] [ com.yy.util.JsoupUtil : 36 ] - https://www.x996.me/forum.php?mod=forumdisplay&fid=202&filter=author&orderby=dateline&page=83
2022-04-23 09:02:47.812 [ main ] - [ INFO  ] [ com.yy.util.JsoupUtil : 36 ] - https://www.x996.me/forum.php?mod=forumdisplay&fid=202&filter=author&orderby=dateline&page=84
2022-04-23 09:02:48.364 [ main ] - [ INFO  ] [ com.yy.util.JsoupUtil : 36 ] - https://www.x996.me/forum.php?mod=forumdisplay&fid=202&filter=author&orderby=dateline&page=85
2022-04-23 09:02:48.848 [ main ] - [ INFO  ] [ com.yy.util.JsoupUtil : 36 ] - https://www.x996.me/forum.php?mod=forumdisplay&fid=202&filter=author&orderby=dateline&page=86
2022-04-23 09:02:49.402 [ main ] - [ INFO  ] [ com.yy.util.JsoupUtil : 36 ] - https://www.x996.me/forum.php?mod=forumdisplay&fid=202&filter=author&orderby=dateline&page=87
2022-04-23 09:02:49.945 [ main ] - [ INFO  ] [ com.yy.util.JsoupUtil : 36 ] - https://www.x996.me/forum.php?mod=forumdisplay&fid=202&filter=author&orderby=dateline&page=88
2022-04-23 09:02:50.491 [ main ] - [ INFO  ] [ com.yy.util.JsoupUtil : 36 ] - https://www.x996.me/forum.php?mod=forumdisplay&fid=202&filter=author&orderby=dateline&page=89
2022-04-23 09:02:51.482 [ main ] - [ INFO  ] [ com.yy.util.JsoupUtil : 36 ] - https://www.x996.me/forum.php?mod=forumdisplay&fid=202&filter=author&orderby=dateline&page=90
2022-04-23 09:02:52.072 [ main ] - [ INFO  ] [ com.yy.util.JsoupUtil : 36 ] - https://www.x996.me/forum.php?mod=forumdisplay&fid=202&filter=author&orderby=dateline&page=91
2022-04-23 09:02:52.595 [ main ] - [ INFO  ] [ com.yy.util.JsoupUtil : 36 ] - https://www.x996.me/forum.php?mod=forumdisplay&fid=202&filter=author&orderby=dateline&page=92
2022-04-23 09:02:53.560 [ main ] - [ INFO  ] [ com.yy.util.JsoupUtil : 36 ] - https://www.x996.me/forum.php?mod=forumdisplay&fid=202&filter=author&orderby=dateline&page=93
2022-04-23 09:02:54.144 [ main ] - [ INFO  ] [ com.yy.util.JsoupUtil : 36 ] - https://www.x996.me/forum.php?mod=forumdisplay&fid=202&filter=author&orderby=dateline&page=94
2022-04-23 09:02:54.698 [ main ] - [ INFO  ] [ com.yy.util.JsoupUtil : 36 ] - https://www.x996.me/forum.php?mod=forumdisplay&fid=202&filter=author&orderby=dateline&page=95
2022-04-23 09:02:55.219 [ main ] - [ INFO  ] [ com.yy.util.JsoupUtil : 36 ] - https://www.x996.me/forum.php?mod=forumdisplay&fid=202&filter=author&orderby=dateline&page=96
2022-04-23 09:02:55.794 [ main ] - [ INFO  ] [ com.yy.util.JsoupUtil : 36 ] - https://www.x996.me/forum.php?mod=forumdisplay&fid=202&filter=author&orderby=dateline&page=97
2022-04-23 09:02:56.329 [ main ] - [ INFO  ] [ com.yy.util.JsoupUtil : 36 ] - https://www.x996.me/forum.php?mod=forumdisplay&fid=202&filter=author&orderby=dateline&page=98
2022-04-23 09:02:56.846 [ main ] - [ INFO  ] [ com.yy.util.JsoupUtil : 36 ] - https://www.x996.me/forum.php?mod=forumdisplay&fid=202&filter=author&orderby=dateline&page=99
2022-04-23 09:02:57.394 [ main ] - [ INFO  ] [ com.yy.util.JsoupUtil : 36 ] - https://www.x996.me/forum.php?mod=forumdisplay&fid=202&filter=author&orderby=dateline&page=100
2022-04-23 09:02:57.938 [ main ] - [ INFO  ] [ com.yy.util.JsoupUtil : 36 ] - https://www.x996.me/forum.php?mod=forumdisplay&fid=202&filter=author&orderby=dateline&page=101
2022-04-23 09:02:58.484 [ main ] - [ INFO  ] [ com.yy.util.JsoupUtil : 36 ] - https://www.x996.me/forum.php?mod=forumdisplay&fid=202&filter=author&orderby=dateline&page=102
2022-04-23 09:02:59.015 [ main ] - [ INFO  ] [ com.yy.util.JsoupUtil : 36 ] - https://www.x996.me/forum.php?mod=forumdisplay&fid=202&filter=author&orderby=dateline&page=103
2022-04-23 09:02:59.559 [ main ] - [ INFO  ] [ com.yy.util.JsoupUtil : 36 ] - https://www.x996.me/forum.php?mod=forumdisplay&fid=202&filter=author&orderby=dateline&page=104
2022-04-23 09:03:00.114 [ main ] - [ INFO  ] [ com.yy.util.JsoupUtil : 36 ] - https://www.x996.me/forum.php?mod=forumdisplay&fid=202&filter=author&orderby=dateline&page=105
2022-04-23 09:03:01.042 [ main ] - [ INFO  ] [ com.yy.util.JsoupUtil : 36 ] - https://www.x996.me/forum.php?mod=forumdisplay&fid=202&filter=author&orderby=dateline&page=106
2022-04-23 09:03:01.523 [ main ] - [ INFO  ] [ com.yy.util.JsoupUtil : 36 ] - https://www.x996.me/forum.php?mod=forumdisplay&fid=202&filter=author&orderby=dateline&page=107
2022-04-23 09:03:02.017 [ main ] - [ INFO  ] [ com.yy.util.JsoupUtil : 36 ] - https://www.x996.me/forum.php?mod=forumdisplay&fid=202&filter=author&orderby=dateline&page=108
2022-04-23 09:07:39.972 [ main ] - [ INFO  ] [ com.yy.controller.TntController : 55 ] - Starting TntController using Java 1.8.0_281 on DESKTOP-205T0OF with PID 28720 (started by 18519 in D:\develop\IdeaProjects\yy)
2022-04-23 09:07:39.974 [ main ] - [ INFO  ] [ com.yy.controller.TntController : 640 ] - No active profile set, falling back to 1 default profile: "default"
2022-04-23 09:07:42.441 [ main ] - [ INFO  ] [ com.yy.controller.TntController : 61 ] - Started TntController in 2.731 seconds (JVM running for 3.59)
2022-04-23 09:07:42.619 [ main ] - [ INFO  ] [ com.yy.util.JsoupUtil : 36 ] - https://www.x996.me/forum.php?mod=forumdisplay&fid=202
2022-04-23 09:07:44.060 [ pool-2-thread-1 ] - [ INFO  ] [ com.yy.util.JsoupUtil : 36 ] - https://www.x996.me/forum.php?mod=forumdisplay&fid=202&filter=author&orderby=dateline&page=1
2022-04-23 09:07:44.087 [ pool-2-thread-2 ] - [ INFO  ] [ com.yy.util.JsoupUtil : 36 ] - https://www.x996.me/forum.php?mod=forumdisplay&fid=202&filter=author&orderby=dateline&page=2
2022-04-23 09:07:44.118 [ pool-2-thread-3 ] - [ INFO  ] [ com.yy.util.JsoupUtil : 36 ] - https://www.x996.me/forum.php?mod=forumdisplay&fid=202&filter=author&orderby=dateline&page=3
2022-04-23 09:07:44.149 [ pool-2-thread-4 ] - [ INFO  ] [ com.yy.util.JsoupUtil : 36 ] - https://www.x996.me/forum.php?mod=forumdisplay&fid=202&filter=author&orderby=dateline&page=4
2022-04-23 09:07:44.181 [ pool-2-thread-5 ] - [ INFO  ] [ com.yy.util.JsoupUtil : 36 ] - https://www.x996.me/forum.php?mod=forumdisplay&fid=202&filter=author&orderby=dateline&page=5
2022-04-23 09:07:44.212 [ pool-2-thread-6 ] - [ INFO  ] [ com.yy.util.JsoupUtil : 36 ] - https://www.x996.me/forum.php?mod=forumdisplay&fid=202&filter=author&orderby=dateline&page=6
2022-04-23 09:07:44.243 [ pool-2-thread-7 ] - [ INFO  ] [ com.yy.util.JsoupUtil : 36 ] - https://www.x996.me/forum.php?mod=forumdisplay&fid=202&filter=author&orderby=dateline&page=7
2022-04-23 09:07:44.273 [ pool-2-thread-8 ] - [ INFO  ] [ com.yy.util.JsoupUtil : 36 ] - https://www.x996.me/forum.php?mod=forumdisplay&fid=202&filter=author&orderby=dateline&page=8
2022-04-23 09:07:44.305 [ pool-2-thread-9 ] - [ INFO  ] [ com.yy.util.JsoupUtil : 36 ] - https://www.x996.me/forum.php?mod=forumdisplay&fid=202&filter=author&orderby=dateline&page=9
2022-04-23 09:07:44.336 [ pool-2-thread-10 ] - [ INFO  ] [ com.yy.util.JsoupUtil : 36 ] - https://www.x996.me/forum.php?mod=forumdisplay&fid=202&filter=author&orderby=dateline&page=10
2022-04-23 09:07:44.368 [ pool-2-thread-11 ] - [ INFO  ] [ com.yy.util.JsoupUtil : 36 ] - https://www.x996.me/forum.php?mod=forumdisplay&fid=202&filter=author&orderby=dateline&page=11
2022-04-23 09:07:44.400 [ pool-2-thread-12 ] - [ INFO  ] [ com.yy.util.JsoupUtil : 36 ] - https://www.x996.me/forum.php?mod=forumdisplay&fid=202&filter=author&orderby=dateline&page=12
2022-04-23 09:07:44.429 [ pool-2-thread-13 ] - [ INFO  ] [ com.yy.util.JsoupUtil : 36 ] - https://www.x996.me/forum.php?mod=forumdisplay&fid=202&filter=author&orderby=dateline&page=13
2022-04-23 09:07:44.461 [ pool-2-thread-14 ] - [ INFO  ] [ com.yy.util.JsoupUtil : 36 ] - https://www.x996.me/forum.php?mod=forumdisplay&fid=202&filter=author&orderby=dateline&page=14
2022-04-23 09:07:44.493 [ pool-2-thread-15 ] - [ INFO  ] [ com.yy.util.JsoupUtil : 36 ] - https://www.x996.me/forum.php?mod=forumdisplay&fid=202&filter=author&orderby=dateline&page=15
2022-04-23 09:07:44.523 [ pool-2-thread-16 ] - [ INFO  ] [ com.yy.util.JsoupUtil : 36 ] - https://www.x996.me/forum.php?mod=forumdisplay&fid=202&filter=author&orderby=dateline&page=16
2022-04-23 09:07:44.554 [ pool-2-thread-17 ] - [ INFO  ] [ com.yy.util.JsoupUtil : 36 ] - https://www.x996.me/forum.php?mod=forumdisplay&fid=202&filter=author&orderby=dateline&page=17
2022-04-23 09:07:44.586 [ pool-2-thread-18 ] - [ INFO  ] [ com.yy.util.JsoupUtil : 36 ] - https://www.x996.me/forum.php?mod=forumdisplay&fid=202&filter=author&orderby=dateline&page=18
2022-04-23 09:07:44.616 [ pool-2-thread-19 ] - [ INFO  ] [ com.yy.util.JsoupUtil : 36 ] - https://www.x996.me/forum.php?mod=forumdisplay&fid=202&filter=author&orderby=dateline&page=19
2022-04-23 09:07:44.647 [ pool-2-thread-20 ] - [ INFO  ] [ com.yy.util.JsoupUtil : 36 ] - https://www.x996.me/forum.php?mod=forumdisplay&fid=202&filter=author&orderby=dateline&page=20
2022-04-23 09:09:06.166 [ main ] - [ INFO  ] [ com.yy.controller.TntController : 55 ] - Starting TntController using Java 1.8.0_281 on DESKTOP-205T0OF with PID 28184 (started by 18519 in D:\develop\IdeaProjects\yy)
2022-04-23 09:09:06.170 [ main ] - [ INFO  ] [ com.yy.controller.TntController : 640 ] - No active profile set, falling back to 1 default profile: "default"
2022-04-23 09:09:08.482 [ main ] - [ INFO  ] [ com.yy.controller.TntController : 61 ] - Started TntController in 2.574 seconds (JVM running for 3.429)
2022-04-23 09:09:08.643 [ main ] - [ INFO  ] [ com.yy.util.JsoupUtil : 36 ] - https://www.x996.me/forum.php?mod=forumdisplay&fid=202
2022-04-23 09:09:10.380 [ pool-2-thread-1 ] - [ INFO  ] [ com.yy.util.JsoupUtil : 36 ] - https://www.x996.me/forum.php?mod=forumdisplay&fid=202&filter=author&orderby=dateline&page=1
2022-04-23 09:09:10.406 [ pool-2-thread-2 ] - [ INFO  ] [ com.yy.util.JsoupUtil : 36 ] - https://www.x996.me/forum.php?mod=forumdisplay&fid=202&filter=author&orderby=dateline&page=2
2022-04-23 09:09:10.438 [ pool-2-thread-3 ] - [ INFO  ] [ com.yy.util.JsoupUtil : 36 ] - https://www.x996.me/forum.php?mod=forumdisplay&fid=202&filter=author&orderby=dateline&page=3
2022-04-23 09:09:10.469 [ pool-2-thread-4 ] - [ INFO  ] [ com.yy.util.JsoupUtil : 36 ] - https://www.x996.me/forum.php?mod=forumdisplay&fid=202&filter=author&orderby=dateline&page=4
2022-04-23 09:09:10.500 [ pool-2-thread-5 ] - [ INFO  ] [ com.yy.util.JsoupUtil : 36 ] - https://www.x996.me/forum.php?mod=forumdisplay&fid=202&filter=author&orderby=dateline&page=5
2022-04-23 09:09:10.531 [ pool-2-thread-6 ] - [ INFO  ] [ com.yy.util.JsoupUtil : 36 ] - https://www.x996.me/forum.php?mod=forumdisplay&fid=202&filter=author&orderby=dateline&page=6
2022-04-23 09:09:10.562 [ pool-2-thread-7 ] - [ INFO  ] [ com.yy.util.JsoupUtil : 36 ] - https://www.x996.me/forum.php?mod=forumdisplay&fid=202&filter=author&orderby=dateline&page=7
2022-04-23 09:09:10.594 [ pool-2-thread-8 ] - [ INFO  ] [ com.yy.util.JsoupUtil : 36 ] - https://www.x996.me/forum.php?mod=forumdisplay&fid=202&filter=author&orderby=dateline&page=8
2022-04-23 09:09:10.626 [ pool-2-thread-9 ] - [ INFO  ] [ com.yy.util.JsoupUtil : 36 ] - https://www.x996.me/forum.php?mod=forumdisplay&fid=202&filter=author&orderby=dateline&page=9
2022-04-23 09:09:10.657 [ pool-2-thread-10 ] - [ INFO  ] [ com.yy.util.JsoupUtil : 36 ] - https://www.x996.me/forum.php?mod=forumdisplay&fid=202&filter=author&orderby=dateline&page=10
2022-04-23 09:09:10.704 [ pool-2-thread-11 ] - [ INFO  ] [ com.yy.util.JsoupUtil : 36 ] - https://www.x996.me/forum.php?mod=forumdisplay&fid=202&filter=author&orderby=dateline&page=11
2022-04-23 09:09:10.735 [ pool-2-thread-12 ] - [ INFO  ] [ com.yy.util.JsoupUtil : 36 ] - https://www.x996.me/forum.php?mod=forumdisplay&fid=202&filter=author&orderby=dateline&page=12
2022-04-23 09:09:10.766 [ pool-2-thread-13 ] - [ INFO  ] [ com.yy.util.JsoupUtil : 36 ] - https://www.x996.me/forum.php?mod=forumdisplay&fid=202&filter=author&orderby=dateline&page=13
2022-04-23 09:09:10.796 [ pool-2-thread-14 ] - [ INFO  ] [ com.yy.util.JsoupUtil : 36 ] - https://www.x996.me/forum.php?mod=forumdisplay&fid=202&filter=author&orderby=dateline&page=14
2022-04-23 09:09:10.827 [ pool-2-thread-15 ] - [ INFO  ] [ com.yy.util.JsoupUtil : 36 ] - https://www.x996.me/forum.php?mod=forumdisplay&fid=202&filter=author&orderby=dateline&page=15
2022-04-23 09:09:10.858 [ pool-2-thread-16 ] - [ INFO  ] [ com.yy.util.JsoupUtil : 36 ] - https://www.x996.me/forum.php?mod=forumdisplay&fid=202&filter=author&orderby=dateline&page=16
2022-04-23 09:09:10.889 [ pool-2-thread-17 ] - [ INFO  ] [ com.yy.util.JsoupUtil : 36 ] - https://www.x996.me/forum.php?mod=forumdisplay&fid=202&filter=author&orderby=dateline&page=17
2022-04-23 09:09:10.920 [ pool-2-thread-18 ] - [ INFO  ] [ com.yy.util.JsoupUtil : 36 ] - https://www.x996.me/forum.php?mod=forumdisplay&fid=202&filter=author&orderby=dateline&page=18
2022-04-23 09:09:10.951 [ pool-2-thread-19 ] - [ INFO  ] [ com.yy.util.JsoupUtil : 36 ] - https://www.x996.me/forum.php?mod=forumdisplay&fid=202&filter=author&orderby=dateline&page=19
2022-04-23 09:09:10.982 [ pool-2-thread-20 ] - [ INFO  ] [ com.yy.util.JsoupUtil : 36 ] - https://www.x996.me/forum.php?mod=forumdisplay&fid=202&filter=author&orderby=dateline&page=20
2022-04-23 09:09:33.050 [ main ] - [ INFO  ] [ com.yy.controller.TntController : 55 ] - Starting TntController using Java 1.8.0_281 on DESKTOP-205T0OF with PID 9380 (started by 18519 in D:\develop\IdeaProjects\yy)
2022-04-23 09:09:33.073 [ main ] - [ INFO  ] [ com.yy.controller.TntController : 640 ] - No active profile set, falling back to 1 default profile: "default"
2022-04-23 09:09:35.669 [ main ] - [ INFO  ] [ com.yy.controller.TntController : 61 ] - Started TntController in 2.889 seconds (JVM running for 4.499)
2022-04-23 09:09:35.869 [ main ] - [ INFO  ] [ com.yy.util.JsoupUtil : 36 ] - https://www.x996.me/forum.php?mod=forumdisplay&fid=202
2022-04-23 09:10:44.768 [ pool-2-thread-1 ] - [ INFO  ] [ com.yy.util.JsoupUtil : 36 ] - https://www.x996.me/forum.php?mod=forumdisplay&fid=202&filter=author&orderby=dateline&page=1
2022-04-23 09:10:49.396 [ main ] - [ INFO  ] [ com.yy.controller.TntController : 55 ] - Starting TntController using Java 1.8.0_281 on DESKTOP-205T0OF with PID 18032 (started by 18519 in D:\develop\IdeaProjects\yy)
2022-04-23 09:10:49.419 [ main ] - [ INFO  ] [ com.yy.controller.TntController : 640 ] - No active profile set, falling back to 1 default profile: "default"
2022-04-23 09:10:51.917 [ main ] - [ INFO  ] [ com.yy.controller.TntController : 61 ] - Started TntController in 2.818 seconds (JVM running for 3.846)
2022-04-23 09:10:52.112 [ main ] - [ INFO  ] [ com.yy.util.JsoupUtil : 36 ] - https://www.x996.me/forum.php?mod=forumdisplay&fid=202&filter=author&orderby=dateline&page=1
2022-04-23 09:11:00.125 [ pool-2-thread-2 ] - [ INFO  ] [ com.yy.util.JsoupUtil : 36 ] - https://www.x996.me/forum.php?mod=forumdisplay&fid=202&filter=author&orderby=dateline&page=1&filter=author&orderby=dateline&page=2
2022-04-23 09:11:01.089 [ pool-2-thread-3 ] - [ INFO  ] [ com.yy.util.JsoupUtil : 36 ] - https://www.x996.me/forum.php?mod=forumdisplay&fid=202&filter=author&orderby=dateline&page=1&filter=author&orderby=dateline&page=3
2022-04-23 09:11:01.089 [ pool-2-thread-1 ] - [ INFO  ] [ com.yy.util.JsoupUtil : 36 ] - https://www.x996.me/forum.php?mod=forumdisplay&fid=202&filter=author&orderby=dateline&page=1&filter=author&orderby=dateline&page=1
2022-04-23 09:11:01.111 [ pool-2-thread-4 ] - [ INFO  ] [ com.yy.util.JsoupUtil : 36 ] - https://www.x996.me/forum.php?mod=forumdisplay&fid=202&filter=author&orderby=dateline&page=1&filter=author&orderby=dateline&page=4
2022-04-23 09:11:01.142 [ pool-2-thread-5 ] - [ INFO  ] [ com.yy.util.JsoupUtil : 36 ] - https://www.x996.me/forum.php?mod=forumdisplay&fid=202&filter=author&orderby=dateline&page=1&filter=author&orderby=dateline&page=5
2022-04-23 09:11:01.172 [ pool-2-thread-6 ] - [ INFO  ] [ com.yy.util.JsoupUtil : 36 ] - https://www.x996.me/forum.php?mod=forumdisplay&fid=202&filter=author&orderby=dateline&page=1&filter=author&orderby=dateline&page=6
2022-04-23 09:11:01.203 [ pool-2-thread-7 ] - [ INFO  ] [ com.yy.util.JsoupUtil : 36 ] - https://www.x996.me/forum.php?mod=forumdisplay&fid=202&filter=author&orderby=dateline&page=1&filter=author&orderby=dateline&page=7
2022-04-23 09:11:01.234 [ pool-2-thread-8 ] - [ INFO  ] [ com.yy.util.JsoupUtil : 36 ] - https://www.x996.me/forum.php?mod=forumdisplay&fid=202&filter=author&orderby=dateline&page=1&filter=author&orderby=dateline&page=8
2022-04-23 09:11:01.264 [ pool-2-thread-9 ] - [ INFO  ] [ com.yy.util.JsoupUtil : 36 ] - https://www.x996.me/forum.php?mod=forumdisplay&fid=202&filter=author&orderby=dateline&page=1&filter=author&orderby=dateline&page=9
2022-04-23 09:11:01.296 [ pool-2-thread-10 ] - [ INFO  ] [ com.yy.util.JsoupUtil : 36 ] - https://www.x996.me/forum.php?mod=forumdisplay&fid=202&filter=author&orderby=dateline&page=1&filter=author&orderby=dateline&page=10
2022-04-23 09:11:01.327 [ pool-2-thread-11 ] - [ INFO  ] [ com.yy.util.JsoupUtil : 36 ] - https://www.x996.me/forum.php?mod=forumdisplay&fid=202&filter=author&orderby=dateline&page=1&filter=author&orderby=dateline&page=11
2022-04-23 09:11:01.358 [ pool-2-thread-12 ] - [ INFO  ] [ com.yy.util.JsoupUtil : 36 ] - https://www.x996.me/forum.php?mod=forumdisplay&fid=202&filter=author&orderby=dateline&page=1&filter=author&orderby=dateline&page=12
2022-04-23 09:11:01.389 [ pool-2-thread-13 ] - [ INFO  ] [ com.yy.util.JsoupUtil : 36 ] - https://www.x996.me/forum.php?mod=forumdisplay&fid=202&filter=author&orderby=dateline&page=1&filter=author&orderby=dateline&page=13
2022-04-23 09:11:01.419 [ pool-2-thread-14 ] - [ INFO  ] [ com.yy.util.JsoupUtil : 36 ] - https://www.x996.me/forum.php?mod=forumdisplay&fid=202&filter=author&orderby=dateline&page=1&filter=author&orderby=dateline&page=14
2022-04-23 09:11:01.449 [ pool-2-thread-15 ] - [ INFO  ] [ com.yy.util.JsoupUtil : 36 ] - https://www.x996.me/forum.php?mod=forumdisplay&fid=202&filter=author&orderby=dateline&page=1&filter=author&orderby=dateline&page=15
2022-04-23 09:11:01.481 [ pool-2-thread-16 ] - [ INFO  ] [ com.yy.util.JsoupUtil : 36 ] - https://www.x996.me/forum.php?mod=forumdisplay&fid=202&filter=author&orderby=dateline&page=1&filter=author&orderby=dateline&page=16
2022-04-23 09:11:01.512 [ pool-2-thread-17 ] - [ INFO  ] [ com.yy.util.JsoupUtil : 36 ] - https://www.x996.me/forum.php?mod=forumdisplay&fid=202&filter=author&orderby=dateline&page=1&filter=author&orderby=dateline&page=17
2022-04-23 09:11:01.543 [ pool-2-thread-18 ] - [ INFO  ] [ com.yy.util.JsoupUtil : 36 ] - https://www.x996.me/forum.php?mod=forumdisplay&fid=202&filter=author&orderby=dateline&page=1&filter=author&orderby=dateline&page=18
2022-04-23 09:11:01.574 [ pool-2-thread-19 ] - [ INFO  ] [ com.yy.util.JsoupUtil : 36 ] - https://www.x996.me/forum.php?mod=forumdisplay&fid=202&filter=author&orderby=dateline&page=1&filter=author&orderby=dateline&page=19
2022-04-23 09:11:01.605 [ pool-2-thread-20 ] - [ INFO  ] [ com.yy.util.JsoupUtil : 36 ] - https://www.x996.me/forum.php?mod=forumdisplay&fid=202&filter=author&orderby=dateline&page=1&filter=author&orderby=dateline&page=20
2022-04-23 09:13:08.154 [ main ] - [ INFO  ] [ com.yy.controller.TntController : 55 ] - Starting TntController using Java 1.8.0_281 on DESKTOP-205T0OF with PID 24504 (started by 18519 in D:\develop\IdeaProjects\yy)
2022-04-23 09:13:08.157 [ main ] - [ INFO  ] [ com.yy.controller.TntController : 640 ] - No active profile set, falling back to 1 default profile: "default"
2022-04-23 09:13:10.463 [ main ] - [ INFO  ] [ com.yy.controller.TntController : 61 ] - Started TntController in 2.567 seconds (JVM running for 3.384)
2022-04-23 09:13:10.631 [ main ] - [ INFO  ] [ com.yy.util.JsoupUtil : 36 ] - https://www.x996.me/forum.php?mod=forumdisplay&fid=202&filter=author&orderby=dateline&page=1
2022-04-23 09:13:11.971 [ pool-2-thread-1 ] - [ INFO  ] [ com.yy.util.JsoupUtil : 36 ] - https://www.x996.me/forum.php?mod=forumdisplay&fid=202&filter=author&orderby=dateline&page=1&filter=author&orderby=dateline&page=1
2022-04-23 09:13:12.002 [ pool-2-thread-2 ] - [ INFO  ] [ com.yy.util.JsoupUtil : 36 ] - https://www.x996.me/forum.php?mod=forumdisplay&fid=202&filter=author&orderby=dateline&page=1&filter=author&orderby=dateline&page=2
2022-04-23 09:13:12.033 [ pool-2-thread-3 ] - [ INFO  ] [ com.yy.util.JsoupUtil : 36 ] - https://www.x996.me/forum.php?mod=forumdisplay&fid=202&filter=author&orderby=dateline&page=1&filter=author&orderby=dateline&page=3
2022-04-23 09:13:12.063 [ pool-2-thread-4 ] - [ INFO  ] [ com.yy.util.JsoupUtil : 36 ] - https://www.x996.me/forum.php?mod=forumdisplay&fid=202&filter=author&orderby=dateline&page=1&filter=author&orderby=dateline&page=4
2022-04-23 09:13:12.093 [ pool-2-thread-5 ] - [ INFO  ] [ com.yy.util.JsoupUtil : 36 ] - https://www.x996.me/forum.php?mod=forumdisplay&fid=202&filter=author&orderby=dateline&page=1&filter=author&orderby=dateline&page=5
2022-04-23 09:13:12.125 [ pool-2-thread-6 ] - [ INFO  ] [ com.yy.util.JsoupUtil : 36 ] - https://www.x996.me/forum.php?mod=forumdisplay&fid=202&filter=author&orderby=dateline&page=1&filter=author&orderby=dateline&page=6
2022-04-23 09:13:12.156 [ pool-2-thread-7 ] - [ INFO  ] [ com.yy.util.JsoupUtil : 36 ] - https://www.x996.me/forum.php?mod=forumdisplay&fid=202&filter=author&orderby=dateline&page=1&filter=author&orderby=dateline&page=7
2022-04-23 09:13:12.188 [ pool-2-thread-8 ] - [ INFO  ] [ com.yy.util.JsoupUtil : 36 ] - https://www.x996.me/forum.php?mod=forumdisplay&fid=202&filter=author&orderby=dateline&page=1&filter=author&orderby=dateline&page=8
2022-04-23 09:13:12.219 [ pool-2-thread-9 ] - [ INFO  ] [ com.yy.util.JsoupUtil : 36 ] - https://www.x996.me/forum.php?mod=forumdisplay&fid=202&filter=author&orderby=dateline&page=1&filter=author&orderby=dateline&page=9
2022-04-23 09:13:12.250 [ pool-2-thread-10 ] - [ INFO  ] [ com.yy.util.JsoupUtil : 36 ] - https://www.x996.me/forum.php?mod=forumdisplay&fid=202&filter=author&orderby=dateline&page=1&filter=author&orderby=dateline&page=10
2022-04-23 09:13:12.281 [ pool-2-thread-11 ] - [ INFO  ] [ com.yy.util.JsoupUtil : 36 ] - https://www.x996.me/forum.php?mod=forumdisplay&fid=202&filter=author&orderby=dateline&page=1&filter=author&orderby=dateline&page=11
2022-04-23 09:13:12.312 [ pool-2-thread-12 ] - [ INFO  ] [ com.yy.util.JsoupUtil : 36 ] - https://www.x996.me/forum.php?mod=forumdisplay&fid=202&filter=author&orderby=dateline&page=1&filter=author&orderby=dateline&page=12
2022-04-23 09:13:12.342 [ pool-2-thread-13 ] - [ INFO  ] [ com.yy.util.JsoupUtil : 36 ] - https://www.x996.me/forum.php?mod=forumdisplay&fid=202&filter=author&orderby=dateline&page=1&filter=author&orderby=dateline&page=13
2022-04-23 09:13:12.373 [ pool-2-thread-14 ] - [ INFO  ] [ com.yy.util.JsoupUtil : 36 ] - https://www.x996.me/forum.php?mod=forumdisplay&fid=202&filter=author&orderby=dateline&page=1&filter=author&orderby=dateline&page=14
2022-04-23 09:13:12.404 [ pool-2-thread-15 ] - [ INFO  ] [ com.yy.util.JsoupUtil : 36 ] - https://www.x996.me/forum.php?mod=forumdisplay&fid=202&filter=author&orderby=dateline&page=1&filter=author&orderby=dateline&page=15
2022-04-23 09:13:12.435 [ pool-2-thread-16 ] - [ INFO  ] [ com.yy.util.JsoupUtil : 36 ] - https://www.x996.me/forum.php?mod=forumdisplay&fid=202&filter=author&orderby=dateline&page=1&filter=author&orderby=dateline&page=16
2022-04-23 09:13:12.467 [ pool-2-thread-17 ] - [ INFO  ] [ com.yy.util.JsoupUtil : 36 ] - https://www.x996.me/forum.php?mod=forumdisplay&fid=202&filter=author&orderby=dateline&page=1&filter=author&orderby=dateline&page=17
2022-04-23 09:13:12.498 [ pool-2-thread-18 ] - [ INFO  ] [ com.yy.util.JsoupUtil : 36 ] - https://www.x996.me/forum.php?mod=forumdisplay&fid=202&filter=author&orderby=dateline&page=1&filter=author&orderby=dateline&page=18
2022-04-23 09:13:12.529 [ pool-2-thread-19 ] - [ INFO  ] [ com.yy.util.JsoupUtil : 36 ] - https://www.x996.me/forum.php?mod=forumdisplay&fid=202&filter=author&orderby=dateline&page=1&filter=author&orderby=dateline&page=19
2022-04-23 09:13:12.560 [ pool-2-thread-20 ] - [ INFO  ] [ com.yy.util.JsoupUtil : 36 ] - https://www.x996.me/forum.php?mod=forumdisplay&fid=202&filter=author&orderby=dateline&page=1&filter=author&orderby=dateline&page=20
2022-04-23 09:13:12.806 [ pool-2-thread-22 ] - [ INFO  ] [ com.yy.util.JsoupUtil : 36 ] - https://www.x996.me/forum.php?mod=forumdisplay&fid=202&filter=author&orderby=dateline&page=1&filter=author&orderby=dateline&page=22
2022-04-23 09:13:12.806 [ pool-2-thread-21 ] - [ INFO  ] [ com.yy.util.JsoupUtil : 36 ] - https://www.x996.me/forum.php?mod=forumdisplay&fid=202&filter=author&orderby=dateline&page=1&filter=author&orderby=dateline&page=21
2022-04-23 09:13:12.818 [ pool-2-thread-23 ] - [ INFO  ] [ com.yy.util.JsoupUtil : 36 ] - https://www.x996.me/forum.php?mod=forumdisplay&fid=202&filter=author&orderby=dateline&page=1&filter=author&orderby=dateline&page=23
2022-04-23 09:13:12.818 [ pool-2-thread-24 ] - [ INFO  ] [ com.yy.util.JsoupUtil : 36 ] - https://www.x996.me/forum.php?mod=forumdisplay&fid=202&filter=author&orderby=dateline&page=1&filter=author&orderby=dateline&page=24
2022-04-23 09:13:12.829 [ pool-2-thread-25 ] - [ INFO  ] [ com.yy.util.JsoupUtil : 36 ] - https://www.x996.me/forum.php?mod=forumdisplay&fid=202&filter=author&orderby=dateline&page=1&filter=author&orderby=dateline&page=25
2022-04-23 09:13:12.831 [ pool-2-thread-26 ] - [ INFO  ] [ com.yy.util.JsoupUtil : 36 ] - https://www.x996.me/forum.php?mod=forumdisplay&fid=202&filter=author&orderby=dateline&page=1&filter=author&orderby=dateline&page=26
2022-04-23 09:13:12.832 [ pool-2-thread-27 ] - [ INFO  ] [ com.yy.util.JsoupUtil : 36 ] - https://www.x996.me/forum.php?mod=forumdisplay&fid=202&filter=author&orderby=dateline&page=1&filter=author&orderby=dateline&page=27
2022-04-23 09:13:12.839 [ pool-2-thread-4 ] - [ INFO  ] [ com.yy.util.JsoupUtil : 36 ] - https://www.x996.me/forum.php?mod=forumdisplay&fid=202&filter=author&orderby=dateline&page=1&filter=author&orderby=dateline&page=28
2022-04-23 09:13:12.864 [ pool-2-thread-11 ] - [ INFO  ] [ com.yy.util.JsoupUtil : 36 ] - https://www.x996.me/forum.php?mod=forumdisplay&fid=202&filter=author&orderby=dateline&page=1&filter=author&orderby=dateline&page=29
2022-04-23 09:13:12.938 [ pool-2-thread-14 ] - [ INFO  ] [ com.yy.util.JsoupUtil : 36 ] - https://www.x996.me/forum.php?mod=forumdisplay&fid=202&filter=author&orderby=dateline&page=1&filter=author&orderby=dateline&page=30
2022-04-23 09:13:12.942 [ pool-2-thread-10 ] - [ INFO  ] [ com.yy.util.JsoupUtil : 36 ] - https://www.x996.me/forum.php?mod=forumdisplay&fid=202&filter=author&orderby=dateline&page=1&filter=author&orderby=dateline&page=31
2022-04-23 09:13:12.958 [ pool-2-thread-3 ] - [ INFO  ] [ com.yy.util.JsoupUtil : 36 ] - https://www.x996.me/forum.php?mod=forumdisplay&fid=202&filter=author&orderby=dateline&page=1&filter=author&orderby=dateline&page=32
2022-04-23 09:13:12.993 [ pool-2-thread-2 ] - [ INFO  ] [ com.yy.util.JsoupUtil : 36 ] - https://www.x996.me/forum.php?mod=forumdisplay&fid=202&filter=author&orderby=dateline&page=1&filter=author&orderby=dateline&page=33
2022-04-23 09:13:13.040 [ pool-2-thread-15 ] - [ INFO  ] [ com.yy.util.JsoupUtil : 36 ] - https://www.x996.me/forum.php?mod=forumdisplay&fid=202&filter=author&orderby=dateline&page=1&filter=author&orderby=dateline&page=34
2022-04-23 09:13:13.047 [ pool-2-thread-16 ] - [ INFO  ] [ com.yy.util.JsoupUtil : 36 ] - https://www.x996.me/forum.php?mod=forumdisplay&fid=202&filter=author&orderby=dateline&page=1&filter=author&orderby=dateline&page=35
2022-04-23 09:13:13.054 [ pool-2-thread-5 ] - [ INFO  ] [ com.yy.util.JsoupUtil : 36 ] - https://www.x996.me/forum.php?mod=forumdisplay&fid=202&filter=author&orderby=dateline&page=1&filter=author&orderby=dateline&page=36
2022-04-23 09:13:13.084 [ pool-2-thread-19 ] - [ INFO  ] [ com.yy.util.JsoupUtil : 36 ] - https://www.x996.me/forum.php?mod=forumdisplay&fid=202&filter=author&orderby=dateline&page=1&filter=author&orderby=dateline&page=37
2022-04-23 09:13:13.116 [ pool-2-thread-20 ] - [ INFO  ] [ com.yy.util.JsoupUtil : 36 ] - https://www.x996.me/forum.php?mod=forumdisplay&fid=202&filter=author&orderby=dateline&page=1&filter=author&orderby=dateline&page=38
2022-04-23 09:13:13.169 [ pool-2-thread-17 ] - [ INFO  ] [ com.yy.util.JsoupUtil : 36 ] - https://www.x996.me/forum.php?mod=forumdisplay&fid=202&filter=author&orderby=dateline&page=1&filter=author&orderby=dateline&page=39
2022-04-23 09:13:13.293 [ pool-2-thread-9 ] - [ INFO  ] [ com.yy.util.JsoupUtil : 36 ] - https://www.x996.me/forum.php?mod=forumdisplay&fid=202&filter=author&orderby=dateline&page=1&filter=author&orderby=dateline&page=40
2022-04-23 09:13:13.294 [ pool-2-thread-18 ] - [ INFO  ] [ com.yy.util.JsoupUtil : 36 ] - https://www.x996.me/forum.php?mod=forumdisplay&fid=202&filter=author&orderby=dateline&page=1&filter=author&orderby=dateline&page=41
2022-04-23 09:13:13.315 [ pool-2-thread-13 ] - [ INFO  ] [ com.yy.util.JsoupUtil : 36 ] - https://www.x996.me/forum.php?mod=forumdisplay&fid=202&filter=author&orderby=dateline&page=1&filter=author&orderby=dateline&page=42
2022-04-23 09:13:13.330 [ pool-2-thread-8 ] - [ INFO  ] [ com.yy.util.JsoupUtil : 36 ] - https://www.x996.me/forum.php?mod=forumdisplay&fid=202&filter=author&orderby=dateline&page=1&filter=author&orderby=dateline&page=43
2022-04-23 09:13:13.453 [ pool-2-thread-4 ] - [ INFO  ] [ com.yy.util.JsoupUtil : 36 ] - https://www.x996.me/forum.php?mod=forumdisplay&fid=202&filter=author&orderby=dateline&page=1&filter=author&orderby=dateline&page=45
2022-04-23 09:13:13.453 [ pool-2-thread-12 ] - [ INFO  ] [ com.yy.util.JsoupUtil : 36 ] - https://www.x996.me/forum.php?mod=forumdisplay&fid=202&filter=author&orderby=dateline&page=1&filter=author&orderby=dateline&page=44
2022-04-23 09:13:13.454 [ pool-2-thread-26 ] - [ INFO  ] [ com.yy.util.JsoupUtil : 36 ] - https://www.x996.me/forum.php?mod=forumdisplay&fid=202&filter=author&orderby=dateline&page=1&filter=author&orderby=dateline&page=46
2022-04-23 09:13:13.502 [ pool-2-thread-21 ] - [ INFO  ] [ com.yy.util.JsoupUtil : 36 ] - https://www.x996.me/forum.php?mod=forumdisplay&fid=202&filter=author&orderby=dateline&page=1&filter=author&orderby=dateline&page=47
2022-04-23 09:13:13.529 [ pool-2-thread-7 ] - [ INFO  ] [ com.yy.util.JsoupUtil : 36 ] - https://www.x996.me/forum.php?mod=forumdisplay&fid=202&filter=author&orderby=dateline&page=1&filter=author&orderby=dateline&page=48
2022-04-23 09:13:13.681 [ pool-2-thread-25 ] - [ INFO  ] [ com.yy.util.JsoupUtil : 36 ] - https://www.x996.me/forum.php?mod=forumdisplay&fid=202&filter=author&orderby=dateline&page=1&filter=author&orderby=dateline&page=49
2022-04-23 09:13:13.690 [ pool-2-thread-23 ] - [ INFO  ] [ com.yy.util.JsoupUtil : 36 ] - https://www.x996.me/forum.php?mod=forumdisplay&fid=202&filter=author&orderby=dateline&page=1&filter=author&orderby=dateline&page=50
2022-04-23 09:13:13.692 [ pool-2-thread-3 ] - [ INFO  ] [ com.yy.util.JsoupUtil : 36 ] - https://www.x996.me/forum.php?mod=forumdisplay&fid=202&filter=author&orderby=dateline&page=1&filter=author&orderby=dateline&page=51
2022-04-23 09:13:13.693 [ pool-2-thread-10 ] - [ INFO  ] [ com.yy.util.JsoupUtil : 36 ] - https://www.x996.me/forum.php?mod=forumdisplay&fid=202&filter=author&orderby=dateline&page=1&filter=author&orderby=dateline&page=52
2022-04-23 09:13:13.704 [ pool-2-thread-22 ] - [ INFO  ] [ com.yy.util.JsoupUtil : 36 ] - https://www.x996.me/forum.php?mod=forumdisplay&fid=202&filter=author&orderby=dateline&page=1&filter=author&orderby=dateline&page=53
2022-04-23 09:13:13.722 [ pool-2-thread-6 ] - [ INFO  ] [ com.yy.util.JsoupUtil : 36 ] - https://www.x996.me/forum.php?mod=forumdisplay&fid=202&filter=author&orderby=dateline&page=1&filter=author&orderby=dateline&page=54
2022-04-23 09:13:13.747 [ pool-2-thread-1 ] - [ INFO  ] [ com.yy.util.JsoupUtil : 36 ] - https://www.x996.me/forum.php?mod=forumdisplay&fid=202&filter=author&orderby=dateline&page=1&filter=author&orderby=dateline&page=55
2022-04-23 09:13:13.776 [ pool-2-thread-28 ] - [ INFO  ] [ com.yy.util.JsoupUtil : 36 ] - https://www.x996.me/forum.php?mod=forumdisplay&fid=202&filter=author&orderby=dateline&page=1&filter=author&orderby=dateline&page=56
2022-04-23 09:13:13.818 [ pool-2-thread-19 ] - [ INFO  ] [ com.yy.util.JsoupUtil : 36 ] - https://www.x996.me/forum.php?mod=forumdisplay&fid=202&filter=author&orderby=dateline&page=1&filter=author&orderby=dateline&page=57
2022-04-23 09:13:13.818 [ pool-2-thread-20 ] - [ INFO  ] [ com.yy.util.JsoupUtil : 36 ] - https://www.x996.me/forum.php?mod=forumdisplay&fid=202&filter=author&orderby=dateline&page=1&filter=author&orderby=dateline&page=58
2022-04-23 09:13:13.842 [ pool-2-thread-17 ] - [ INFO  ] [ com.yy.util.JsoupUtil : 36 ] - https://www.x996.me/forum.php?mod=forumdisplay&fid=202&filter=author&orderby=dateline&page=1&filter=author&orderby=dateline&page=59
2022-04-23 09:13:13.881 [ pool-2-thread-24 ] - [ INFO  ] [ com.yy.util.JsoupUtil : 36 ] - https://www.x996.me/forum.php?mod=forumdisplay&fid=202&filter=author&orderby=dateline&page=1&filter=author&orderby=dateline&page=60
2022-04-23 09:13:13.923 [ pool-2-thread-11 ] - [ INFO  ] [ com.yy.util.JsoupUtil : 36 ] - https://www.x996.me/forum.php?mod=forumdisplay&fid=202&filter=author&orderby=dateline&page=1&filter=author&orderby=dateline&page=61
2022-04-23 09:13:13.928 [ pool-2-thread-9 ] - [ INFO  ] [ com.yy.util.JsoupUtil : 36 ] - https://www.x996.me/forum.php?mod=forumdisplay&fid=202&filter=author&orderby=dateline&page=1&filter=author&orderby=dateline&page=62
2022-04-23 09:13:13.994 [ pool-2-thread-8 ] - [ INFO  ] [ com.yy.util.JsoupUtil : 36 ] - https://www.x996.me/forum.php?mod=forumdisplay&fid=202&filter=author&orderby=dateline&page=1&filter=author&orderby=dateline&page=63
2022-04-23 09:13:14.047 [ pool-2-thread-27 ] - [ INFO  ] [ com.yy.util.JsoupUtil : 36 ] - https://www.x996.me/forum.php?mod=forumdisplay&fid=202&filter=author&orderby=dateline&page=1&filter=author&orderby=dateline&page=64
2022-04-23 09:13:14.103 [ pool-2-thread-2 ] - [ INFO  ] [ com.yy.util.JsoupUtil : 36 ] - https://www.x996.me/forum.php?mod=forumdisplay&fid=202&filter=author&orderby=dateline&page=1&filter=author&orderby=dateline&page=65
2022-04-23 09:13:14.230 [ pool-2-thread-26 ] - [ INFO  ] [ com.yy.util.JsoupUtil : 36 ] - https://www.x996.me/forum.php?mod=forumdisplay&fid=202&filter=author&orderby=dateline&page=1&filter=author&orderby=dateline&page=66
2022-04-23 09:13:14.273 [ pool-2-thread-4 ] - [ INFO  ] [ com.yy.util.JsoupUtil : 36 ] - https://www.x996.me/forum.php?mod=forumdisplay&fid=202&filter=author&orderby=dateline&page=1&filter=author&orderby=dateline&page=67
2022-04-23 09:13:14.285 [ pool-2-thread-15 ] - [ INFO  ] [ com.yy.util.JsoupUtil : 36 ] - https://www.x996.me/forum.php?mod=forumdisplay&fid=202&filter=author&orderby=dateline&page=1&filter=author&orderby=dateline&page=68
2022-04-23 09:13:14.292 [ pool-2-thread-21 ] - [ INFO  ] [ com.yy.util.JsoupUtil : 36 ] - https://www.x996.me/forum.php?mod=forumdisplay&fid=202&filter=author&orderby=dateline&page=1&filter=author&orderby=dateline&page=69
2022-04-23 09:13:14.295 [ pool-2-thread-7 ] - [ INFO  ] [ com.yy.util.JsoupUtil : 36 ] - https://www.x996.me/forum.php?mod=forumdisplay&fid=202&filter=author&orderby=dateline&page=1&filter=author&orderby=dateline&page=70
2022-04-23 09:13:14.297 [ pool-2-thread-5 ] - [ INFO  ] [ com.yy.util.JsoupUtil : 36 ] - https://www.x996.me/forum.php?mod=forumdisplay&fid=202&filter=author&orderby=dateline&page=1&filter=author&orderby=dateline&page=71
2022-04-23 09:13:14.307 [ pool-2-thread-14 ] - [ INFO  ] [ com.yy.util.JsoupUtil : 36 ] - https://www.x996.me/forum.php?mod=forumdisplay&fid=202&filter=author&orderby=dateline&page=1&filter=author&orderby=dateline&page=72
2022-04-23 09:13:14.326 [ pool-2-thread-16 ] - [ INFO  ] [ com.yy.util.JsoupUtil : 36 ] - https://www.x996.me/forum.php?mod=forumdisplay&fid=202&filter=author&orderby=dateline&page=1&filter=author&orderby=dateline&page=73
2022-04-23 09:13:14.331 [ pool-2-thread-13 ] - [ INFO  ] [ com.yy.util.JsoupUtil : 36 ] - https://www.x996.me/forum.php?mod=forumdisplay&fid=202&filter=author&orderby=dateline&page=1&filter=author&orderby=dateline&page=74
2022-04-23 09:13:14.415 [ pool-2-thread-29 ] - [ INFO  ] [ com.yy.util.JsoupUtil : 36 ] - https://www.x996.me/forum.php?mod=forumdisplay&fid=202&filter=author&orderby=dateline&page=1&filter=author&orderby=dateline&page=75
2022-04-23 09:13:14.419 [ pool-2-thread-10 ] - [ INFO  ] [ com.yy.util.JsoupUtil : 36 ] - https://www.x996.me/forum.php?mod=forumdisplay&fid=202&filter=author&orderby=dateline&page=1&filter=author&orderby=dateline&page=76
2022-04-23 09:13:14.423 [ pool-2-thread-3 ] - [ INFO  ] [ com.yy.util.JsoupUtil : 36 ] - https://www.x996.me/forum.php?mod=forumdisplay&fid=202&filter=author&orderby=dateline&page=1&filter=author&orderby=dateline&page=77
2022-04-23 09:13:14.450 [ pool-2-thread-1 ] - [ INFO  ] [ com.yy.util.JsoupUtil : 36 ] - https://www.x996.me/forum.php?mod=forumdisplay&fid=202&filter=author&orderby=dateline&page=1&filter=author&orderby=dateline&page=78
2022-04-23 09:13:14.474 [ pool-2-thread-19 ] - [ INFO  ] [ com.yy.util.JsoupUtil : 36 ] - https://www.x996.me/forum.php?mod=forumdisplay&fid=202&filter=author&orderby=dateline&page=1&filter=author&orderby=dateline&page=79
2022-04-23 09:13:14.603 [ pool-2-thread-28 ] - [ INFO  ] [ com.yy.util.JsoupUtil : 36 ] - https://www.x996.me/forum.php?mod=forumdisplay&fid=202&filter=author&orderby=dateline&page=1&filter=author&orderby=dateline&page=80
2022-04-23 09:13:14.610 [ pool-2-thread-20 ] - [ INFO  ] [ com.yy.util.JsoupUtil : 36 ] - https://www.x996.me/forum.php?mod=forumdisplay&fid=202&filter=author&orderby=dateline&page=1&filter=author&orderby=dateline&page=81
2022-04-23 09:13:14.619 [ pool-2-thread-9 ] - [ INFO  ] [ com.yy.util.JsoupUtil : 36 ] - https://www.x996.me/forum.php?mod=forumdisplay&fid=202&filter=author&orderby=dateline&page=1&filter=author&orderby=dateline&page=82
2022-04-23 09:13:14.757 [ pool-2-thread-24 ] - [ INFO  ] [ com.yy.util.JsoupUtil : 36 ] - https://www.x996.me/forum.php?mod=forumdisplay&fid=202&filter=author&orderby=dateline&page=1&filter=author&orderby=dateline&page=83
2022-04-23 09:13:14.813 [ pool-2-thread-12 ] - [ INFO  ] [ com.yy.util.JsoupUtil : 36 ] - https://www.x996.me/forum.php?mod=forumdisplay&fid=202&filter=author&orderby=dateline&page=1&filter=author&orderby=dateline&page=84
2022-04-23 09:13:14.827 [ pool-2-thread-23 ] - [ INFO  ] [ com.yy.util.JsoupUtil : 36 ] - https://www.x996.me/forum.php?mod=forumdisplay&fid=202&filter=author&orderby=dateline&page=1&filter=author&orderby=dateline&page=85
2022-04-23 09:13:14.837 [ pool-2-thread-8 ] - [ INFO  ] [ com.yy.util.JsoupUtil : 36 ] - https://www.x996.me/forum.php?mod=forumdisplay&fid=202&filter=author&orderby=dateline&page=1&filter=author&orderby=dateline&page=86
2022-04-23 09:13:14.837 [ pool-2-thread-27 ] - [ INFO  ] [ com.yy.util.JsoupUtil : 36 ] - https://www.x996.me/forum.php?mod=forumdisplay&fid=202&filter=author&orderby=dateline&page=1&filter=author&orderby=dateline&page=87
2022-04-23 09:13:14.877 [ pool-2-thread-2 ] - [ INFO  ] [ com.yy.util.JsoupUtil : 36 ] - https://www.x996.me/forum.php?mod=forumdisplay&fid=202&filter=author&orderby=dateline&page=1&filter=author&orderby=dateline&page=88
2022-04-23 09:13:14.890 [ pool-2-thread-18 ] - [ INFO  ] [ com.yy.util.JsoupUtil : 36 ] - https://www.x996.me/forum.php?mod=forumdisplay&fid=202&filter=author&orderby=dateline&page=1&filter=author&orderby=dateline&page=89
2022-04-23 09:13:14.901 [ pool-2-thread-6 ] - [ INFO  ] [ com.yy.util.JsoupUtil : 36 ] - https://www.x996.me/forum.php?mod=forumdisplay&fid=202&filter=author&orderby=dateline&page=1&filter=author&orderby=dateline&page=90
2022-04-23 09:13:14.903 [ pool-2-thread-22 ] - [ INFO  ] [ com.yy.util.JsoupUtil : 36 ] - https://www.x996.me/forum.php?mod=forumdisplay&fid=202&filter=author&orderby=dateline&page=1&filter=author&orderby=dateline&page=91
2022-04-23 09:13:14.913 [ pool-2-thread-25 ] - [ INFO  ] [ com.yy.util.JsoupUtil : 36 ] - https://www.x996.me/forum.php?mod=forumdisplay&fid=202&filter=author&orderby=dateline&page=1&filter=author&orderby=dateline&page=92
2022-04-23 09:13:14.915 [ pool-2-thread-5 ] - [ INFO  ] [ com.yy.util.JsoupUtil : 36 ] - https://www.x996.me/forum.php?mod=forumdisplay&fid=202&filter=author&orderby=dateline&page=1&filter=author&orderby=dateline&page=93
2022-04-23 09:13:14.986 [ pool-2-thread-21 ] - [ INFO  ] [ com.yy.util.JsoupUtil : 36 ] - https://www.x996.me/forum.php?mod=forumdisplay&fid=202&filter=author&orderby=dateline&page=1&filter=author&orderby=dateline&page=94
2022-04-23 09:13:15.137 [ pool-2-thread-17 ] - [ INFO  ] [ com.yy.util.JsoupUtil : 36 ] - https://www.x996.me/forum.php?mod=forumdisplay&fid=202&filter=author&orderby=dateline&page=1&filter=author&orderby=dateline&page=95
2022-04-23 09:13:15.146 [ pool-2-thread-29 ] - [ INFO  ] [ com.yy.util.JsoupUtil : 36 ] - https://www.x996.me/forum.php?mod=forumdisplay&fid=202&filter=author&orderby=dateline&page=1&filter=author&orderby=dateline&page=96
2022-04-23 09:13:15.167 [ pool-2-thread-11 ] - [ INFO  ] [ com.yy.util.JsoupUtil : 36 ] - https://www.x996.me/forum.php?mod=forumdisplay&fid=202&filter=author&orderby=dateline&page=1&filter=author&orderby=dateline&page=97
2022-04-23 09:13:15.168 [ pool-2-thread-13 ] - [ INFO  ] [ com.yy.util.JsoupUtil : 36 ] - https://www.x996.me/forum.php?mod=forumdisplay&fid=202&filter=author&orderby=dateline&page=1&filter=author&orderby=dateline&page=98
2022-04-23 09:13:15.269 [ pool-2-thread-1 ] - [ INFO  ] [ com.yy.util.JsoupUtil : 36 ] - https://www.x996.me/forum.php?mod=forumdisplay&fid=202&filter=author&orderby=dateline&page=1&filter=author&orderby=dateline&page=99
2022-04-23 09:13:15.306 [ pool-2-thread-15 ] - [ INFO  ] [ com.yy.util.JsoupUtil : 36 ] - https://www.x996.me/forum.php?mod=forumdisplay&fid=202&filter=author&orderby=dateline&page=1&filter=author&orderby=dateline&page=100
2022-04-23 09:13:15.342 [ pool-2-thread-16 ] - [ INFO  ] [ com.yy.util.JsoupUtil : 36 ] - https://www.x996.me/forum.php?mod=forumdisplay&fid=202&filter=author&orderby=dateline&page=1&filter=author&orderby=dateline&page=101
2022-04-23 09:13:15.364 [ pool-2-thread-4 ] - [ INFO  ] [ com.yy.util.JsoupUtil : 36 ] - https://www.x996.me/forum.php?mod=forumdisplay&fid=202&filter=author&orderby=dateline&page=1&filter=author&orderby=dateline&page=102
2022-04-23 09:13:15.415 [ pool-2-thread-14 ] - [ INFO  ] [ com.yy.util.JsoupUtil : 36 ] - https://www.x996.me/forum.php?mod=forumdisplay&fid=202&filter=author&orderby=dateline&page=1&filter=author&orderby=dateline&page=103
2022-04-23 09:13:15.418 [ pool-2-thread-20 ] - [ INFO  ] [ com.yy.util.JsoupUtil : 36 ] - https://www.x996.me/forum.php?mod=forumdisplay&fid=202&filter=author&orderby=dateline&page=1&filter=author&orderby=dateline&page=104
2022-04-23 09:13:15.425 [ pool-2-thread-9 ] - [ INFO  ] [ com.yy.util.JsoupUtil : 36 ] - https://www.x996.me/forum.php?mod=forumdisplay&fid=202&filter=author&orderby=dateline&page=1&filter=author&orderby=dateline&page=105
2022-04-23 09:13:15.427 [ pool-2-thread-28 ] - [ INFO  ] [ com.yy.util.JsoupUtil : 36 ] - https://www.x996.me/forum.php?mod=forumdisplay&fid=202&filter=author&orderby=dateline&page=1&filter=author&orderby=dateline&page=106
2022-04-23 09:13:15.699 [ pool-2-thread-26 ] - [ INFO  ] [ com.yy.util.JsoupUtil : 36 ] - https://www.x996.me/forum.php?mod=forumdisplay&fid=202&filter=author&orderby=dateline&page=1&filter=author&orderby=dateline&page=107
